d:\bundlefusion\buddlefusion-master\friedliver\x64\release\friedliver.pch
d:\bundlefusion\buddlefusion-master\friedliver\x64\release\vc120.pdb
d:\bundlefusion\buddlefusion-master\friedliver\x64\release\stdafx.obj
d:\bundlefusion\buddlefusion-master\friedliver\x64\release\dx11rgbdrenderer.obj
d:\bundlefusion\buddlefusion-master\friedliver\x64\release\dx11rayintervalsplatting.obj
d:\bundlefusion\buddlefusion-master\friedliver\x64\release\dx11quaddrawer.obj
d:\bundlefusion\buddlefusion-master\friedliver\x64\release\dx11phonglighting.obj
d:\bundlefusion\buddlefusion-master\friedliver\x64\release\dx11customrendertarget.obj
d:\bundlefusion\buddlefusion-master\friedliver\x64\release\depthsensing.obj
d:\bundlefusion\buddlefusion-master\friedliver\x64\release\cudascenerephashsdf.obj
d:\bundlefusion\buddlefusion-master\friedliver\x64\release\cudascenerepchunkgrid.obj
d:\bundlefusion\buddlefusion-master\friedliver\x64\release\cudascan.obj
d:\bundlefusion\buddlefusion-master\friedliver\x64\release\cudaraycastsdf.obj
d:\bundlefusion\buddlefusion-master\friedliver\x64\release\cudamarchingcubeshashsdf.obj
d:\bundlefusion\buddlefusion-master\friedliver\x64\release\cudaimagehelper.obj
d:\bundlefusion\buddlefusion-master\friedliver\x64\release\cudahistogramhashsdf.obj
d:\bundlefusion\buddlefusion-master\friedliver\x64\release\cudaimagemanager.obj
d:\bundlefusion\buddlefusion-master\friedliver\x64\release\cudaimagecalibrator.obj
d:\bundlefusion\buddlefusion-master\friedliver\x64\release\cudacache.obj
d:\bundlefusion\buddlefusion-master\friedliver\x64\release\correspondenceevaluator.obj
d:\bundlefusion\buddlefusion-master\friedliver\x64\release\conditionmanager.obj
d:\bundlefusion\buddlefusion-master\friedliver\x64\release\bundler.obj
d:\bundlefusion\buddlefusion-master\friedliver\x64\release\binarydumpreader.obj
d:\bundlefusion\buddlefusion-master\friedliver\x64\release\siftmatchfilter.obj
d:\bundlefusion\buddlefusion-master\friedliver\x64\release\siftmatch.obj
d:\bundlefusion\buddlefusion-master\friedliver\x64\release\siftimagemanager.obj
d:\bundlefusion\buddlefusion-master\friedliver\x64\release\siftgpu.obj
d:\bundlefusion\buddlefusion-master\friedliver\x64\release\globalutil.obj
d:\bundlefusion\buddlefusion-master\friedliver\x64\release\cuteximage.obj
d:\bundlefusion\buddlefusion-master\friedliver\x64\release\sensordatareader.obj
d:\bundlefusion\buddlefusion-master\friedliver\x64\release\sba.obj
d:\bundlefusion\buddlefusion-master\friedliver\x64\release\rgbdsensor.obj
d:\bundlefusion\buddlefusion-master\friedliver\x64\release\realsensesensor.obj
d:\bundlefusion\buddlefusion-master\friedliver\x64\release\primesensesensor.obj
d:\bundlefusion\buddlefusion-master\friedliver\x64\release\onlinebundler.obj
d:\bundlefusion\buddlefusion-master\friedliver\x64\release\kinectsensor.obj
d:\bundlefusion\buddlefusion-master\friedliver\x64\release\kinectonesensor.obj
d:\bundlefusion\buddlefusion-master\friedliver\x64\release\globalappstate.obj
d:\bundlefusion\buddlefusion-master\friedliver\x64\release\friedliver.obj
d:\bundlefusion\buddlefusion-master\friedliver\x64\release\dualgpu.obj
d:\bundlefusion\buddlefusion-master\friedliver\x64\release\timinglogdepthsensing.obj
d:\bundlefusion\buddlefusion-master\friedliver\x64\release\stdoutputlogger.obj
d:\bundlefusion\buddlefusion-master\friedliver\x64\release\dx11utils.obj
d:\bundlefusion\buddlefusion-master\friedliver\x64\release\uplink.obj
d:\bundlefusion\buddlefusion-master\friedliver\x64\release\trajectorymanager.obj
d:\bundlefusion\buddlefusion-master\friedliver\x64\release\timinglog.obj
d:\bundlefusion\buddlefusion-master\friedliver\x64\release\structuresensor.obj
d:\bundlefusion\buddlefusion-master\friedliver\x64\release\cudasolverbundling.obj
d:\bundlefusion\buddlefusion-master\friedliver\x64\release\siftvisualization.obj
d:\bundlefusion\buddlefusion-master\friedliver\x64\release\siftpyramid.obj
d:\bundlefusion\buddlefusion-master\friedliver\x64\release\sdkmisc.obj
d:\bundlefusion\buddlefusion-master\friedliver\x64\release\sdkmesh.obj
d:\bundlefusion\buddlefusion-master\friedliver\x64\release\dxutsettingsdlg.obj
d:\bundlefusion\buddlefusion-master\friedliver\x64\release\dxutres.obj
d:\bundlefusion\buddlefusion-master\friedliver\x64\release\dxutgui.obj
d:\bundlefusion\buddlefusion-master\friedliver\x64\release\dxutcamera.obj
d:\bundlefusion\buddlefusion-master\friedliver\x64\release\dxutmisc.obj
d:\bundlefusion\buddlefusion-master\friedliver\x64\release\dxutdevice9.obj
d:\bundlefusion\buddlefusion-master\friedliver\x64\release\dxutdevice11.obj
d:\bundlefusion\buddlefusion-master\friedliver\x64\release\dxut.obj
x64\release\cudacache.cu.obj
x64\release\cudaimageutil.cu.obj
x64\release\camerautil.cu.obj
x64\release\cudaconstant.cu.obj
x64\release\cudahistogramhashsdf.cu.obj
x64\release\cudaimagehelper.cu.obj
x64\release\cudamarchingcubessdf.cu.obj
x64\release\cudaraycastsdf.cu.obj
x64\release\cudascenerepchunkgrid.cu.obj
x64\release\cudascenerephashsdf.cu.obj
x64\release\scancs.cu.obj
x64\release\onlinebundler.cu.obj
x64\release\sba.cu.obj
x64\release\cudasiftconstant.cu.obj
x64\release\programcu.cu.obj
x64\release\siftimagemanager.cu.obj
x64\release\solverbundling.cu.obj
d:\bundlefusion\buddlefusion-master\friedliver\x64\release\phonglighting.cso
d:\bundlefusion\buddlefusion-master\friedliver\x64\release\quaddrawer.cso
d:\bundlefusion\buddlefusion-master\friedliver\x64\release\rayintervalsplatting.cso
d:\bundlefusion\buddlefusion-master\friedliver\x64\release\rgbdrenderer.cso
d:\bundlefusion\buddlefusion-master\friedliver\x64\release\friedliver.exe
d:\bundlefusion\buddlefusion-master\friedliver\x64\release\friedliver.pdb
d:\bundlefusion\buddlefusion-master\friedliver\x64\release\camerautil.cu.cache
d:\bundlefusion\buddlefusion-master\friedliver\x64\release\cudacache.cu.cache
d:\bundlefusion\buddlefusion-master\friedliver\x64\release\cudaconstant.cu.cache
d:\bundlefusion\buddlefusion-master\friedliver\x64\release\cudahistogramhashsdf.cu.cache
d:\bundlefusion\buddlefusion-master\friedliver\x64\release\cudaimagehelper.cu.cache
d:\bundlefusion\buddlefusion-master\friedliver\x64\release\cudaimageutil.cu.cache
d:\bundlefusion\buddlefusion-master\friedliver\x64\release\cudamarchingcubessdf.cu.cache
d:\bundlefusion\buddlefusion-master\friedliver\x64\release\cudaraycastsdf.cu.cache
d:\bundlefusion\buddlefusion-master\friedliver\x64\release\cudascenerepchunkgrid.cu.cache
d:\bundlefusion\buddlefusion-master\friedliver\x64\release\cudascenerephashsdf.cu.cache
d:\bundlefusion\buddlefusion-master\friedliver\x64\release\cudasiftconstant.cu.cache
d:\bundlefusion\buddlefusion-master\friedliver\x64\release\friedliver.vcxprojresolveassemblyreference.cache
d:\bundlefusion\buddlefusion-master\friedliver\x64\release\onlinebundler.cu.cache
d:\bundlefusion\buddlefusion-master\friedliver\x64\release\programcu.cu.cache
d:\bundlefusion\buddlefusion-master\friedliver\x64\release\sba.cu.cache
d:\bundlefusion\buddlefusion-master\friedliver\x64\release\scancs.cu.cache
d:\bundlefusion\buddlefusion-master\friedliver\x64\release\siftimagemanager.cu.cache
d:\bundlefusion\buddlefusion-master\friedliver\x64\release\solverbundling.cu.cache
d:\bundlefusion\buddlefusion-master\friedliver\x64\release\camerautil.cu.obj
d:\bundlefusion\buddlefusion-master\friedliver\x64\release\cudacache.cu.obj
d:\bundlefusion\buddlefusion-master\friedliver\x64\release\cudaconstant.cu.obj
d:\bundlefusion\buddlefusion-master\friedliver\x64\release\cudahistogramhashsdf.cu.obj
d:\bundlefusion\buddlefusion-master\friedliver\x64\release\cudaimagehelper.cu.obj
d:\bundlefusion\buddlefusion-master\friedliver\x64\release\cudaimageutil.cu.obj
d:\bundlefusion\buddlefusion-master\friedliver\x64\release\cudamarchingcubessdf.cu.obj
d:\bundlefusion\buddlefusion-master\friedliver\x64\release\cudaraycastsdf.cu.obj
d:\bundlefusion\buddlefusion-master\friedliver\x64\release\cudascenerepchunkgrid.cu.obj
d:\bundlefusion\buddlefusion-master\friedliver\x64\release\cudascenerephashsdf.cu.obj
d:\bundlefusion\buddlefusion-master\friedliver\x64\release\cudasiftconstant.cu.obj
d:\bundlefusion\buddlefusion-master\friedliver\x64\release\friedliver.device-link.obj
d:\bundlefusion\buddlefusion-master\friedliver\x64\release\onlinebundler.cu.obj
d:\bundlefusion\buddlefusion-master\friedliver\x64\release\programcu.cu.obj
d:\bundlefusion\buddlefusion-master\friedliver\x64\release\sba.cu.obj
d:\bundlefusion\buddlefusion-master\friedliver\x64\release\scancs.cu.obj
d:\bundlefusion\buddlefusion-master\friedliver\x64\release\siftimagemanager.cu.obj
d:\bundlefusion\buddlefusion-master\friedliver\x64\release\solverbundling.cu.obj
d:\bundlefusion\buddlefusion-master\friedliver\x64\release\friedliver.tlog\cl.command.1.tlog
d:\bundlefusion\buddlefusion-master\friedliver\x64\release\friedliver.tlog\cl.read.1.tlog
d:\bundlefusion\buddlefusion-master\friedliver\x64\release\friedliver.tlog\cl.write.1.tlog
d:\bundlefusion\buddlefusion-master\friedliver\x64\release\friedliver.tlog\cudacompile.read.1u.tlog
d:\bundlefusion\buddlefusion-master\friedliver\x64\release\friedliver.tlog\cudacompile.write.1u.tlog
d:\bundlefusion\buddlefusion-master\friedliver\x64\release\friedliver.tlog\friedliver.write.1u.tlog
d:\bundlefusion\buddlefusion-master\friedliver\x64\release\friedliver.tlog\link.command.1.tlog
d:\bundlefusion\buddlefusion-master\friedliver\x64\release\friedliver.tlog\link.read.1.tlog
d:\bundlefusion\buddlefusion-master\friedliver\x64\release\friedliver.tlog\link.write.1.tlog
