生成启动时间为 2024-11-18 23:33:28。
     1>项目“D:\BundleFusion\BuddleFusion-master\FriedLiver\FriedLiver.vcxproj”在节点 2 上(Build 个目标)。
     1>AddCudaCompileDeps:
         D:\visual studio\VC\bin\x86_amd64\cl.exe /E /nologo /showIncludes /TP /D__CUDACC__ /DWIN32 /DNDEBUG /D_WINDOWS /DD3DXFX_LARGEADDRESS_HANDLE /D_CRT_SECURE_NO_WARNINGS /DNOMINMAX /D_UNICODE /DUNICODE /IInclude\cutil\inc /ID:\BundleFusion\BuddleFusion-master\FriedLiver /ISource\DXUT\Optional /ISource\DXUT\Core /IInclude\Uplink /ID:\BundleFusion\external\mLibExternal\include\boost /I"C:\Program Files (x86)\Intel RealSense SDK 2.0\include" /I"C:\Program Files (x86)\Intel RealSense SDK 2.0\third-party\" /ID:\cuda\include /ID:\cuda\bin /ID:\cuda\include /I. /FIcuda_runtime.h /c D:\BundleFusion\BuddleFusion-master\FriedLiver\Source\CUDACache.cu 
       AddCudaCompileDeps:
         D:\visual studio\VC\bin\x86_amd64\cl.exe /E /nologo /showIncludes /TP /D__CUDACC__ /DWIN32 /DNDEBUG /D_WINDOWS /DD3DXFX_LARGEADDRESS_HANDLE /D_CRT_SECURE_NO_WARNINGS /DNOMINMAX /D_UNICODE /DUNICODE /IInclude\cutil\inc /ID:\BundleFusion\BuddleFusion-master\FriedLiver /ISource\DXUT\Optional /ISource\DXUT\Core /IInclude\Uplink /ID:\BundleFusion\external\mLibExternal\include\boost /I"C:\Program Files (x86)\Intel RealSense SDK 2.0\include" /I"C:\Program Files (x86)\Intel RealSense SDK 2.0\third-party\" /ID:\cuda\include /ID:\cuda\bin /ID:\cuda\include /I. /FIcuda_runtime.h /c D:\BundleFusion\BuddleFusion-master\FriedLiver\Source\CUDAImageUtil.cu 
       AddCudaCompileDeps:
         D:\visual studio\VC\bin\x86_amd64\cl.exe /E /nologo /showIncludes /TP /D__CUDACC__ /DWIN32 /DNDEBUG /D_WINDOWS /DD3DXFX_LARGEADDRESS_HANDLE /D_CRT_SECURE_NO_WARNINGS /DNOMINMAX /D_UNICODE /DUNICODE /IInclude\cutil\inc /ID:\BundleFusion\BuddleFusion-master\FriedLiver /ISource\DXUT\Optional /ISource\DXUT\Core /IInclude\Uplink /ID:\BundleFusion\external\mLibExternal\include\boost /I"C:\Program Files (x86)\Intel RealSense SDK 2.0\include" /I"C:\Program Files (x86)\Intel RealSense SDK 2.0\third-party\" /ID:\cuda\include /ID:\cuda\bin /ID:\cuda\include /I. /FIcuda_runtime.h /c D:\BundleFusion\BuddleFusion-master\FriedLiver\Source\DepthSensing\CameraUtil.cu 
       AddCudaCompileDeps:
         D:\visual studio\VC\bin\x86_amd64\cl.exe /E /nologo /showIncludes /TP /D__CUDACC__ /DWIN32 /DNDEBUG /D_WINDOWS /DD3DXFX_LARGEADDRESS_HANDLE /D_CRT_SECURE_NO_WARNINGS /DNOMINMAX /D_UNICODE /DUNICODE /IInclude\cutil\inc /ID:\BundleFusion\BuddleFusion-master\FriedLiver /ISource\DXUT\Optional /ISource\DXUT\Core /IInclude\Uplink /ID:\BundleFusion\external\mLibExternal\include\boost /I"C:\Program Files (x86)\Intel RealSense SDK 2.0\include" /I"C:\Program Files (x86)\Intel RealSense SDK 2.0\third-party\" /ID:\cuda\include /ID:\cuda\bin /ID:\cuda\include /I. /FIcuda_runtime.h /c D:\BundleFusion\BuddleFusion-master\FriedLiver\Source\DepthSensing\CUDAConstant.cu 
       AddCudaCompileDeps:
         D:\visual studio\VC\bin\x86_amd64\cl.exe /E /nologo /showIncludes /TP /D__CUDACC__ /DWIN32 /DNDEBUG /D_WINDOWS /DD3DXFX_LARGEADDRESS_HANDLE /D_CRT_SECURE_NO_WARNINGS /DNOMINMAX /D_UNICODE /DUNICODE /IInclude\cutil\inc /ID:\BundleFusion\BuddleFusion-master\FriedLiver /ISource\DXUT\Optional /ISource\DXUT\Core /IInclude\Uplink /ID:\BundleFusion\external\mLibExternal\include\boost /I"C:\Program Files (x86)\Intel RealSense SDK 2.0\include" /I"C:\Program Files (x86)\Intel RealSense SDK 2.0\third-party\" /ID:\cuda\include /ID:\cuda\bin /ID:\cuda\include /I. /FIcuda_runtime.h /c D:\BundleFusion\BuddleFusion-master\FriedLiver\Source\DepthSensing\CUDAHistogramHashSDF.cu 
       AddCudaCompileDeps:
         D:\visual studio\VC\bin\x86_amd64\cl.exe /E /nologo /showIncludes /TP /D__CUDACC__ /DWIN32 /DNDEBUG /D_WINDOWS /DD3DXFX_LARGEADDRESS_HANDLE /D_CRT_SECURE_NO_WARNINGS /DNOMINMAX /D_UNICODE /DUNICODE /IInclude\cutil\inc /ID:\BundleFusion\BuddleFusion-master\FriedLiver /ISource\DXUT\Optional /ISource\DXUT\Core /IInclude\Uplink /ID:\BundleFusion\external\mLibExternal\include\boost /I"C:\Program Files (x86)\Intel RealSense SDK 2.0\include" /I"C:\Program Files (x86)\Intel RealSense SDK 2.0\third-party\" /ID:\cuda\include /ID:\cuda\bin /ID:\cuda\include /I. /FIcuda_runtime.h /c D:\BundleFusion\BuddleFusion-master\FriedLiver\Source\DepthSensing\CUDAImageHelper.cu 
       AddCudaCompileDeps:
         D:\visual studio\VC\bin\x86_amd64\cl.exe /E /nologo /showIncludes /TP /D__CUDACC__ /DWIN32 /DNDEBUG /D_WINDOWS /DD3DXFX_LARGEADDRESS_HANDLE /D_CRT_SECURE_NO_WARNINGS /DNOMINMAX /D_UNICODE /DUNICODE /IInclude\cutil\inc /ID:\BundleFusion\BuddleFusion-master\FriedLiver /ISource\DXUT\Optional /ISource\DXUT\Core /IInclude\Uplink /ID:\BundleFusion\external\mLibExternal\include\boost /I"C:\Program Files (x86)\Intel RealSense SDK 2.0\include" /I"C:\Program Files (x86)\Intel RealSense SDK 2.0\third-party\" /ID:\cuda\include /ID:\cuda\bin /ID:\cuda\include /I. /FIcuda_runtime.h /c D:\BundleFusion\BuddleFusion-master\FriedLiver\Source\DepthSensing\CUDAMarchingCubesSDF.cu 
       AddCudaCompileDeps:
         D:\visual studio\VC\bin\x86_amd64\cl.exe /E /nologo /showIncludes /TP /D__CUDACC__ /DWIN32 /DNDEBUG /D_WINDOWS /DD3DXFX_LARGEADDRESS_HANDLE /D_CRT_SECURE_NO_WARNINGS /DNOMINMAX /D_UNICODE /DUNICODE /IInclude\cutil\inc /ID:\BundleFusion\BuddleFusion-master\FriedLiver /ISource\DXUT\Optional /ISource\DXUT\Core /IInclude\Uplink /ID:\BundleFusion\external\mLibExternal\include\boost /I"C:\Program Files (x86)\Intel RealSense SDK 2.0\include" /I"C:\Program Files (x86)\Intel RealSense SDK 2.0\third-party\" /ID:\cuda\include /ID:\cuda\bin /ID:\cuda\include /I. /FIcuda_runtime.h /c D:\BundleFusion\BuddleFusion-master\FriedLiver\Source\DepthSensing\CUDARayCastSDF.cu 
       AddCudaCompileDeps:
         D:\visual studio\VC\bin\x86_amd64\cl.exe /E /nologo /showIncludes /TP /D__CUDACC__ /DWIN32 /DNDEBUG /D_WINDOWS /DD3DXFX_LARGEADDRESS_HANDLE /D_CRT_SECURE_NO_WARNINGS /DNOMINMAX /D_UNICODE /DUNICODE /IInclude\cutil\inc /ID:\BundleFusion\BuddleFusion-master\FriedLiver /ISource\DXUT\Optional /ISource\DXUT\Core /IInclude\Uplink /ID:\BundleFusion\external\mLibExternal\include\boost /I"C:\Program Files (x86)\Intel RealSense SDK 2.0\include" /I"C:\Program Files (x86)\Intel RealSense SDK 2.0\third-party\" /ID:\cuda\include /ID:\cuda\bin /ID:\cuda\include /I. /FIcuda_runtime.h /c D:\BundleFusion\BuddleFusion-master\FriedLiver\Source\DepthSensing\CUDASceneRepChunkGrid.cu 
       AddCudaCompileDeps:
         D:\visual studio\VC\bin\x86_amd64\cl.exe /E /nologo /showIncludes /TP /D__CUDACC__ /DWIN32 /DNDEBUG /D_WINDOWS /DD3DXFX_LARGEADDRESS_HANDLE /D_CRT_SECURE_NO_WARNINGS /DNOMINMAX /D_UNICODE /DUNICODE /IInclude\cutil\inc /ID:\BundleFusion\BuddleFusion-master\FriedLiver /ISource\DXUT\Optional /ISource\DXUT\Core /IInclude\Uplink /ID:\BundleFusion\external\mLibExternal\include\boost /I"C:\Program Files (x86)\Intel RealSense SDK 2.0\include" /I"C:\Program Files (x86)\Intel RealSense SDK 2.0\third-party\" /ID:\cuda\include /ID:\cuda\bin /ID:\cuda\include /I. /FIcuda_runtime.h /c D:\BundleFusion\BuddleFusion-master\FriedLiver\Source\DepthSensing\CUDASceneRepHashSDF.cu 
       AddCudaCompileDeps:
         D:\visual studio\VC\bin\x86_amd64\cl.exe /E /nologo /showIncludes /TP /D__CUDACC__ /DWIN32 /DNDEBUG /D_WINDOWS /DD3DXFX_LARGEADDRESS_HANDLE /D_CRT_SECURE_NO_WARNINGS /DNOMINMAX /D_UNICODE /DUNICODE /IInclude\cutil\inc /ID:\BundleFusion\BuddleFusion-master\FriedLiver /ISource\DXUT\Optional /ISource\DXUT\Core /IInclude\Uplink /ID:\BundleFusion\external\mLibExternal\include\boost /I"C:\Program Files (x86)\Intel RealSense SDK 2.0\include" /I"C:\Program Files (x86)\Intel RealSense SDK 2.0\third-party\" /ID:\cuda\include /ID:\cuda\bin /ID:\cuda\include /I. /FIcuda_runtime.h /c D:\BundleFusion\BuddleFusion-master\FriedLiver\Source\DepthSensing\ScanCS.cu 
       AddCudaCompileDeps:
         D:\visual studio\VC\bin\x86_amd64\cl.exe /E /nologo /showIncludes /TP /D__CUDACC__ /DWIN32 /DNDEBUG /D_WINDOWS /DD3DXFX_LARGEADDRESS_HANDLE /D_CRT_SECURE_NO_WARNINGS /DNOMINMAX /D_UNICODE /DUNICODE /IInclude\cutil\inc /ID:\BundleFusion\BuddleFusion-master\FriedLiver /ISource\DXUT\Optional /ISource\DXUT\Core /IInclude\Uplink /ID:\BundleFusion\external\mLibExternal\include\boost /I"C:\Program Files (x86)\Intel RealSense SDK 2.0\include" /I"C:\Program Files (x86)\Intel RealSense SDK 2.0\third-party\" /ID:\cuda\include /ID:\cuda\bin /ID:\cuda\include /I. /FIcuda_runtime.h /c D:\BundleFusion\BuddleFusion-master\FriedLiver\Source\OnlineBundler.cu 
       AddCudaCompileDeps:
         D:\visual studio\VC\bin\x86_amd64\cl.exe /E /nologo /showIncludes /TP /D__CUDACC__ /DWIN32 /DNDEBUG /D_WINDOWS /DD3DXFX_LARGEADDRESS_HANDLE /D_CRT_SECURE_NO_WARNINGS /DNOMINMAX /D_UNICODE /DUNICODE /IInclude\cutil\inc /ID:\BundleFusion\BuddleFusion-master\FriedLiver /ISource\DXUT\Optional /ISource\DXUT\Core /IInclude\Uplink /ID:\BundleFusion\external\mLibExternal\include\boost /I"C:\Program Files (x86)\Intel RealSense SDK 2.0\include" /I"C:\Program Files (x86)\Intel RealSense SDK 2.0\third-party\" /ID:\cuda\include /ID:\cuda\bin /ID:\cuda\include /I. /FIcuda_runtime.h /c D:\BundleFusion\BuddleFusion-master\FriedLiver\Source\SBA.cu 
       AddCudaCompileDeps:
         D:\visual studio\VC\bin\x86_amd64\cl.exe /E /nologo /showIncludes /TP /D__CUDACC__ /DWIN32 /DNDEBUG /D_WINDOWS /DD3DXFX_LARGEADDRESS_HANDLE /D_CRT_SECURE_NO_WARNINGS /DNOMINMAX /D_UNICODE /DUNICODE /IInclude\cutil\inc /ID:\BundleFusion\BuddleFusion-master\FriedLiver /ISource\DXUT\Optional /ISource\DXUT\Core /IInclude\Uplink /ID:\BundleFusion\external\mLibExternal\include\boost /I"C:\Program Files (x86)\Intel RealSense SDK 2.0\include" /I"C:\Program Files (x86)\Intel RealSense SDK 2.0\third-party\" /ID:\cuda\include /ID:\cuda\bin /ID:\cuda\include /I. /FIcuda_runtime.h /c D:\BundleFusion\BuddleFusion-master\FriedLiver\Source\SiftGPU\CUDASiftConstant.cu 
       AddCudaCompileDeps:
         D:\visual studio\VC\bin\x86_amd64\cl.exe /E /nologo /showIncludes /TP /D__CUDACC__ /DWIN32 /DNDEBUG /D_WINDOWS /DD3DXFX_LARGEADDRESS_HANDLE /D_CRT_SECURE_NO_WARNINGS /DNOMINMAX /D_UNICODE /DUNICODE /IInclude\cutil\inc /ID:\BundleFusion\BuddleFusion-master\FriedLiver /ISource\DXUT\Optional /ISource\DXUT\Core /IInclude\Uplink /ID:\BundleFusion\external\mLibExternal\include\boost /I"C:\Program Files (x86)\Intel RealSense SDK 2.0\include" /I"C:\Program Files (x86)\Intel RealSense SDK 2.0\third-party\" /ID:\cuda\include /ID:\cuda\bin /ID:\cuda\include /I. /FIcuda_runtime.h /c D:\BundleFusion\BuddleFusion-master\FriedLiver\Source\SiftGPU\ProgramCU.cu 
       AddCudaCompileDeps:
         D:\visual studio\VC\bin\x86_amd64\cl.exe /E /nologo /showIncludes /TP /D__CUDACC__ /DWIN32 /DNDEBUG /D_WINDOWS /DD3DXFX_LARGEADDRESS_HANDLE /D_CRT_SECURE_NO_WARNINGS /DNOMINMAX /D_UNICODE /DUNICODE /IInclude\cutil\inc /ID:\BundleFusion\BuddleFusion-master\FriedLiver /ISource\DXUT\Optional /ISource\DXUT\Core /IInclude\Uplink /ID:\BundleFusion\external\mLibExternal\include\boost /I"C:\Program Files (x86)\Intel RealSense SDK 2.0\include" /I"C:\Program Files (x86)\Intel RealSense SDK 2.0\third-party\" /ID:\cuda\include /ID:\cuda\bin /ID:\cuda\include /I. /FIcuda_runtime.h /c D:\BundleFusion\BuddleFusion-master\FriedLiver\Source\SiftGPU\SIFTImageManager.cu 
       AddCudaCompileDeps:
         D:\visual studio\VC\bin\x86_amd64\cl.exe /E /nologo /showIncludes /TP /D__CUDACC__ /DWIN32 /DNDEBUG /D_WINDOWS /DD3DXFX_LARGEADDRESS_HANDLE /D_CRT_SECURE_NO_WARNINGS /DNOMINMAX /D_UNICODE /DUNICODE /IInclude\cutil\inc /ID:\BundleFusion\BuddleFusion-master\FriedLiver /ISource\DXUT\Optional /ISource\DXUT\Core /IInclude\Uplink /ID:\BundleFusion\external\mLibExternal\include\boost /I"C:\Program Files (x86)\Intel RealSense SDK 2.0\include" /I"C:\Program Files (x86)\Intel RealSense SDK 2.0\third-party\" /ID:\cuda\include /ID:\cuda\bin /ID:\cuda\include /I. /FIcuda_runtime.h /c D:\BundleFusion\BuddleFusion-master\FriedLiver\Source\Solver\SolverBundling.cu 
       Link:
         FriedLiver.vcxproj -> D:\BundleFusion\BuddleFusion-master\FriedLiver\x64\Release\FriedLiver.exe
       PostBuildEvent:
         xcopy /y "C:\Program Files (x86)\Intel RealSense SDK 2.0\bin\x64\realsense2.dll" "D:\BundleFusion\BuddleFusion-master\FriedLiver\x64\Release\"
         :VCEnd
         C:\Program Files (x86)\Intel RealSense SDK 2.0\bin\x64\realsense2.dll
         复制了 1 个文件
     1>已完成生成项目“D:\BundleFusion\BuddleFusion-master\FriedLiver\FriedLiver.vcxproj”(Build 个目标)的操作。

生成成功。

已用时间 00:00:16.52
