生成启动时间为 2024-10-09 16:17:05。
     1>项目“D:\BundleFusion\BuddleFusion-master\FriedLiver\FriedLiver.vcxproj”在节点 2 上(Build 个目标)。
     1>AddCudaCompileDeps:
         D:\visual studio\VC\bin\x86_amd64\cl.exe /E /nologo /showIncludes /TP /D__CUDACC__ /DWIN32 /D_DEBUG /DDEBUG /DPROFILE /D_CONSOLE /DD3DXFX_LARGEADDRESS_HANDLE /D_CRT_SECURE_NO_WARNINGS /DNOMINMAX /D_UNICODE /DUNICODE /IInclude\cutil\inc /ID:\BundleFusion\BuddleFusion-master\FriedLiver /ISource\DXUT\Optional /ISource\DXUT\Core /IInclude\Uplink /I"C:\Program Files (x86)\Intel RealSense SDK 2.0\include" /I"C:\Program Files (x86)\Intel RealSense SDK 2.0\third-party\" /ID:\cuda\include /ID:\cuda\bin /ID:\cuda\include /I. /FIcuda_runtime.h /c D:\BundleFusion\BuddleFusion-master\FriedLiver\Source\CUDACache.cu 
       AddCudaCompileDeps:
         D:\visual studio\VC\bin\x86_amd64\cl.exe /E /nologo /showIncludes /TP /D__CUDACC__ /DWIN32 /D_DEBUG /DDEBUG /DPROFILE /D_CONSOLE /DD3DXFX_LARGEADDRESS_HANDLE /D_CRT_SECURE_NO_WARNINGS /DNOMINMAX /D_UNICODE /DUNICODE /IInclude\cutil\inc /ID:\BundleFusion\BuddleFusion-master\FriedLiver /ISource\DXUT\Optional /ISource\DXUT\Core /IInclude\Uplink /I"C:\Program Files (x86)\Intel RealSense SDK 2.0\include" /I"C:\Program Files (x86)\Intel RealSense SDK 2.0\third-party\" /ID:\cuda\include /ID:\cuda\bin /ID:\cuda\include /I. /FIcuda_runtime.h /c D:\BundleFusion\BuddleFusion-master\FriedLiver\Source\CUDAImageUtil.cu 
       AddCudaCompileDeps:
         D:\visual studio\VC\bin\x86_amd64\cl.exe /E /nologo /showIncludes /TP /D__CUDACC__ /DWIN32 /D_DEBUG /DDEBUG /DPROFILE /D_CONSOLE /DD3DXFX_LARGEADDRESS_HANDLE /D_CRT_SECURE_NO_WARNINGS /DNOMINMAX /D_UNICODE /DUNICODE /IInclude\cutil\inc /ID:\BundleFusion\BuddleFusion-master\FriedLiver /ISource\DXUT\Optional /ISource\DXUT\Core /IInclude\Uplink /I"C:\Program Files (x86)\Intel RealSense SDK 2.0\include" /I"C:\Program Files (x86)\Intel RealSense SDK 2.0\third-party\" /ID:\cuda\include /ID:\cuda\bin /ID:\cuda\include /I. /FIcuda_runtime.h /c D:\BundleFusion\BuddleFusion-master\FriedLiver\Source\DepthSensing\CameraUtil.cu 
       AddCudaCompileDeps:
         D:\visual studio\VC\bin\x86_amd64\cl.exe /E /nologo /showIncludes /TP /D__CUDACC__ /DWIN32 /D_DEBUG /DDEBUG /DPROFILE /D_CONSOLE /DD3DXFX_LARGEADDRESS_HANDLE /D_CRT_SECURE_NO_WARNINGS /DNOMINMAX /D_UNICODE /DUNICODE /IInclude\cutil\inc /ID:\BundleFusion\BuddleFusion-master\FriedLiver /ISource\DXUT\Optional /ISource\DXUT\Core /IInclude\Uplink /I"C:\Program Files (x86)\Intel RealSense SDK 2.0\include" /I"C:\Program Files (x86)\Intel RealSense SDK 2.0\third-party\" /ID:\cuda\include /ID:\cuda\bin /ID:\cuda\include /I. /FIcuda_runtime.h /c D:\BundleFusion\BuddleFusion-master\FriedLiver\Source\DepthSensing\CUDAConstant.cu 
       AddCudaCompileDeps:
         D:\visual studio\VC\bin\x86_amd64\cl.exe /E /nologo /showIncludes /TP /D__CUDACC__ /DWIN32 /D_DEBUG /DDEBUG /DPROFILE /D_CONSOLE /DD3DXFX_LARGEADDRESS_HANDLE /D_CRT_SECURE_NO_WARNINGS /DNOMINMAX /D_UNICODE /DUNICODE /IInclude\cutil\inc /ID:\BundleFusion\BuddleFusion-master\FriedLiver /ISource\DXUT\Optional /ISource\DXUT\Core /IInclude\Uplink /I"C:\Program Files (x86)\Intel RealSense SDK 2.0\include" /I"C:\Program Files (x86)\Intel RealSense SDK 2.0\third-party\" /ID:\cuda\include /ID:\cuda\bin /ID:\cuda\include /I. /FIcuda_runtime.h /c D:\BundleFusion\BuddleFusion-master\FriedLiver\Source\DepthSensing\CUDAHistogramHashSDF.cu 
       AddCudaCompileDeps:
         D:\visual studio\VC\bin\x86_amd64\cl.exe /E /nologo /showIncludes /TP /D__CUDACC__ /DWIN32 /D_DEBUG /DDEBUG /DPROFILE /D_CONSOLE /DD3DXFX_LARGEADDRESS_HANDLE /D_CRT_SECURE_NO_WARNINGS /DNOMINMAX /D_UNICODE /DUNICODE /IInclude\cutil\inc /ID:\BundleFusion\BuddleFusion-master\FriedLiver /ISource\DXUT\Optional /ISource\DXUT\Core /IInclude\Uplink /I"C:\Program Files (x86)\Intel RealSense SDK 2.0\include" /I"C:\Program Files (x86)\Intel RealSense SDK 2.0\third-party\" /ID:\cuda\include /ID:\cuda\bin /ID:\cuda\include /I. /FIcuda_runtime.h /c D:\BundleFusion\BuddleFusion-master\FriedLiver\Source\DepthSensing\CUDAImageHelper.cu 
       AddCudaCompileDeps:
         D:\visual studio\VC\bin\x86_amd64\cl.exe /E /nologo /showIncludes /TP /D__CUDACC__ /DWIN32 /D_DEBUG /DDEBUG /DPROFILE /D_CONSOLE /DD3DXFX_LARGEADDRESS_HANDLE /D_CRT_SECURE_NO_WARNINGS /DNOMINMAX /D_UNICODE /DUNICODE /IInclude\cutil\inc /ID:\BundleFusion\BuddleFusion-master\FriedLiver /ISource\DXUT\Optional /ISource\DXUT\Core /IInclude\Uplink /I"C:\Program Files (x86)\Intel RealSense SDK 2.0\include" /I"C:\Program Files (x86)\Intel RealSense SDK 2.0\third-party\" /ID:\cuda\include /ID:\cuda\bin /ID:\cuda\include /I. /FIcuda_runtime.h /c D:\BundleFusion\BuddleFusion-master\FriedLiver\Source\DepthSensing\CUDAMarchingCubesSDF.cu 
       AddCudaCompileDeps:
         D:\visual studio\VC\bin\x86_amd64\cl.exe /E /nologo /showIncludes /TP /D__CUDACC__ /DWIN32 /D_DEBUG /DDEBUG /DPROFILE /D_CONSOLE /DD3DXFX_LARGEADDRESS_HANDLE /D_CRT_SECURE_NO_WARNINGS /DNOMINMAX /D_UNICODE /DUNICODE /IInclude\cutil\inc /ID:\BundleFusion\BuddleFusion-master\FriedLiver /ISource\DXUT\Optional /ISource\DXUT\Core /IInclude\Uplink /I"C:\Program Files (x86)\Intel RealSense SDK 2.0\include" /I"C:\Program Files (x86)\Intel RealSense SDK 2.0\third-party\" /ID:\cuda\include /ID:\cuda\bin /ID:\cuda\include /I. /FIcuda_runtime.h /c D:\BundleFusion\BuddleFusion-master\FriedLiver\Source\DepthSensing\CUDARayCastSDF.cu 
       AddCudaCompileDeps:
         D:\visual studio\VC\bin\x86_amd64\cl.exe /E /nologo /showIncludes /TP /D__CUDACC__ /DWIN32 /D_DEBUG /DDEBUG /DPROFILE /D_CONSOLE /DD3DXFX_LARGEADDRESS_HANDLE /D_CRT_SECURE_NO_WARNINGS /DNOMINMAX /D_UNICODE /DUNICODE /IInclude\cutil\inc /ID:\BundleFusion\BuddleFusion-master\FriedLiver /ISource\DXUT\Optional /ISource\DXUT\Core /IInclude\Uplink /I"C:\Program Files (x86)\Intel RealSense SDK 2.0\include" /I"C:\Program Files (x86)\Intel RealSense SDK 2.0\third-party\" /ID:\cuda\include /ID:\cuda\bin /ID:\cuda\include /I. /FIcuda_runtime.h /c D:\BundleFusion\BuddleFusion-master\FriedLiver\Source\DepthSensing\CUDASceneRepChunkGrid.cu 
       AddCudaCompileDeps:
         D:\visual studio\VC\bin\x86_amd64\cl.exe /E /nologo /showIncludes /TP /D__CUDACC__ /DWIN32 /D_DEBUG /DDEBUG /DPROFILE /D_CONSOLE /DD3DXFX_LARGEADDRESS_HANDLE /D_CRT_SECURE_NO_WARNINGS /DNOMINMAX /D_UNICODE /DUNICODE /IInclude\cutil\inc /ID:\BundleFusion\BuddleFusion-master\FriedLiver /ISource\DXUT\Optional /ISource\DXUT\Core /IInclude\Uplink /I"C:\Program Files (x86)\Intel RealSense SDK 2.0\include" /I"C:\Program Files (x86)\Intel RealSense SDK 2.0\third-party\" /ID:\cuda\include /ID:\cuda\bin /ID:\cuda\include /I. /FIcuda_runtime.h /c D:\BundleFusion\BuddleFusion-master\FriedLiver\Source\DepthSensing\CUDASceneRepHashSDF.cu 
       AddCudaCompileDeps:
         D:\visual studio\VC\bin\x86_amd64\cl.exe /E /nologo /showIncludes /TP /D__CUDACC__ /DWIN32 /D_DEBUG /DDEBUG /DPROFILE /D_CONSOLE /DD3DXFX_LARGEADDRESS_HANDLE /D_CRT_SECURE_NO_WARNINGS /DNOMINMAX /D_UNICODE /DUNICODE /IInclude\cutil\inc /ID:\BundleFusion\BuddleFusion-master\FriedLiver /ISource\DXUT\Optional /ISource\DXUT\Core /IInclude\Uplink /I"C:\Program Files (x86)\Intel RealSense SDK 2.0\include" /I"C:\Program Files (x86)\Intel RealSense SDK 2.0\third-party\" /ID:\cuda\include /ID:\cuda\bin /ID:\cuda\include /I. /FIcuda_runtime.h /c D:\BundleFusion\BuddleFusion-master\FriedLiver\Source\DepthSensing\ScanCS.cu 
       AddCudaCompileDeps:
         D:\visual studio\VC\bin\x86_amd64\cl.exe /E /nologo /showIncludes /TP /D__CUDACC__ /DWIN32 /D_DEBUG /DDEBUG /DPROFILE /D_CONSOLE /DD3DXFX_LARGEADDRESS_HANDLE /D_CRT_SECURE_NO_WARNINGS /DNOMINMAX /D_UNICODE /DUNICODE /IInclude\cutil\inc /ID:\BundleFusion\BuddleFusion-master\FriedLiver /ISource\DXUT\Optional /ISource\DXUT\Core /IInclude\Uplink /I"C:\Program Files (x86)\Intel RealSense SDK 2.0\include" /I"C:\Program Files (x86)\Intel RealSense SDK 2.0\third-party\" /ID:\cuda\include /ID:\cuda\bin /ID:\cuda\include /I. /FIcuda_runtime.h /c D:\BundleFusion\BuddleFusion-master\FriedLiver\Source\OnlineBundler.cu 
       AddCudaCompileDeps:
         D:\visual studio\VC\bin\x86_amd64\cl.exe /E /nologo /showIncludes /TP /D__CUDACC__ /DWIN32 /D_DEBUG /DDEBUG /DPROFILE /D_CONSOLE /DD3DXFX_LARGEADDRESS_HANDLE /D_CRT_SECURE_NO_WARNINGS /DNOMINMAX /D_UNICODE /DUNICODE /IInclude\cutil\inc /ID:\BundleFusion\BuddleFusion-master\FriedLiver /ISource\DXUT\Optional /ISource\DXUT\Core /IInclude\Uplink /I"C:\Program Files (x86)\Intel RealSense SDK 2.0\include" /I"C:\Program Files (x86)\Intel RealSense SDK 2.0\third-party\" /ID:\cuda\include /ID:\cuda\bin /ID:\cuda\include /I. /FIcuda_runtime.h /c D:\BundleFusion\BuddleFusion-master\FriedLiver\Source\SBA.cu 
       AddCudaCompileDeps:
         D:\visual studio\VC\bin\x86_amd64\cl.exe /E /nologo /showIncludes /TP /D__CUDACC__ /DWIN32 /D_DEBUG /DDEBUG /DPROFILE /D_CONSOLE /DD3DXFX_LARGEADDRESS_HANDLE /D_CRT_SECURE_NO_WARNINGS /DNOMINMAX /D_UNICODE /DUNICODE /IInclude\cutil\inc /ID:\BundleFusion\BuddleFusion-master\FriedLiver /ISource\DXUT\Optional /ISource\DXUT\Core /IInclude\Uplink /I"C:\Program Files (x86)\Intel RealSense SDK 2.0\include" /I"C:\Program Files (x86)\Intel RealSense SDK 2.0\third-party\" /ID:\cuda\include /ID:\cuda\bin /ID:\cuda\include /I. /FIcuda_runtime.h /c D:\BundleFusion\BuddleFusion-master\FriedLiver\Source\SiftGPU\CUDASiftConstant.cu 
       AddCudaCompileDeps:
         D:\visual studio\VC\bin\x86_amd64\cl.exe /E /nologo /showIncludes /TP /D__CUDACC__ /DWIN32 /D_DEBUG /DDEBUG /DPROFILE /D_CONSOLE /DD3DXFX_LARGEADDRESS_HANDLE /D_CRT_SECURE_NO_WARNINGS /DNOMINMAX /D_UNICODE /DUNICODE /IInclude\cutil\inc /ID:\BundleFusion\BuddleFusion-master\FriedLiver /ISource\DXUT\Optional /ISource\DXUT\Core /IInclude\Uplink /I"C:\Program Files (x86)\Intel RealSense SDK 2.0\include" /I"C:\Program Files (x86)\Intel RealSense SDK 2.0\third-party\" /ID:\cuda\include /ID:\cuda\bin /ID:\cuda\include /I. /FIcuda_runtime.h /c D:\BundleFusion\BuddleFusion-master\FriedLiver\Source\SiftGPU\ProgramCU.cu 
       AddCudaCompileDeps:
         D:\visual studio\VC\bin\x86_amd64\cl.exe /E /nologo /showIncludes /TP /D__CUDACC__ /DWIN32 /D_DEBUG /DDEBUG /DPROFILE /D_CONSOLE /DD3DXFX_LARGEADDRESS_HANDLE /D_CRT_SECURE_NO_WARNINGS /DNOMINMAX /D_UNICODE /DUNICODE /IInclude\cutil\inc /ID:\BundleFusion\BuddleFusion-master\FriedLiver /ISource\DXUT\Optional /ISource\DXUT\Core /IInclude\Uplink /I"C:\Program Files (x86)\Intel RealSense SDK 2.0\include" /I"C:\Program Files (x86)\Intel RealSense SDK 2.0\third-party\" /ID:\cuda\include /ID:\cuda\bin /ID:\cuda\include /I. /FIcuda_runtime.h /c D:\BundleFusion\BuddleFusion-master\FriedLiver\Source\SiftGPU\SIFTImageManager.cu 
       AddCudaCompileDeps:
         D:\visual studio\VC\bin\x86_amd64\cl.exe /E /nologo /showIncludes /TP /D__CUDACC__ /DWIN32 /D_DEBUG /DDEBUG /DPROFILE /D_CONSOLE /DD3DXFX_LARGEADDRESS_HANDLE /D_CRT_SECURE_NO_WARNINGS /DNOMINMAX /D_UNICODE /DUNICODE /IInclude\cutil\inc /ID:\BundleFusion\BuddleFusion-master\FriedLiver /ISource\DXUT\Optional /ISource\DXUT\Core /IInclude\Uplink /I"C:\Program Files (x86)\Intel RealSense SDK 2.0\include" /I"C:\Program Files (x86)\Intel RealSense SDK 2.0\third-party\" /ID:\cuda\include /ID:\cuda\bin /ID:\cuda\include /I. /FIcuda_runtime.h /c D:\BundleFusion\BuddleFusion-master\FriedLiver\Source\Solver\SolverBundling.cu 
     1>项目“D:\BundleFusion\BuddleFusion-master\FriedLiver\FriedLiver.vcxproj”(1)正在节点 2 上生成“D:\BundleFusion\BuddleFusion-master\FriedLiver\FriedLiver.vcxproj”(1:2) (CudaBuildCore 个目标)。
     1>CudaBuildCore:
         Compiling CUDA source file Source\CUDACache.cu...
     1>项目“D:\BundleFusion\BuddleFusion-master\FriedLiver\FriedLiver.vcxproj”(1)正在节点 1 上生成“D:\BundleFusion\BuddleFusion-master\FriedLiver\FriedLiver.vcxproj”(1:3) (CudaBuildCore 个目标)。
     1>CudaBuildCore:
         Compiling CUDA source file Source\CUDAImageUtil.cu...
     1>项目“D:\BundleFusion\BuddleFusion-master\FriedLiver\FriedLiver.vcxproj”(1)正在节点 3 上生成“D:\BundleFusion\BuddleFusion-master\FriedLiver\FriedLiver.vcxproj”(1:5) (CudaBuildCore 个目标)。
     1>CudaBuildCore:
         Compiling CUDA source file Source\SiftGPU\SIFTImageManager.cu...
     1>项目“D:\BundleFusion\BuddleFusion-master\FriedLiver\FriedLiver.vcxproj”(1)正在节点 8 上生成“D:\BundleFusion\BuddleFusion-master\FriedLiver\FriedLiver.vcxproj”(1:6) (CudaBuildCore 个目标)。
     1>CudaBuildCore:
         Compiling CUDA source file Source\Solver\SolverBundling.cu...
     1>项目“D:\BundleFusion\BuddleFusion-master\FriedLiver\FriedLiver.vcxproj”(1)正在节点 4 上生成“D:\BundleFusion\BuddleFusion-master\FriedLiver\FriedLiver.vcxproj”(1:7) (CudaBuildCore 个目标)。
     1>CudaBuildCore:
         Compiling CUDA source file Source\SiftGPU\ProgramCU.cu...
     1>项目“D:\BundleFusion\BuddleFusion-master\FriedLiver\FriedLiver.vcxproj”(1)正在节点 7 上生成“D:\BundleFusion\BuddleFusion-master\FriedLiver\FriedLiver.vcxproj”(1:4) (CudaBuildCore 个目标)。
     1>CudaBuildCore:
         Compiling CUDA source file Source\OnlineBundler.cu...
     1>项目“D:\BundleFusion\BuddleFusion-master\FriedLiver\FriedLiver.vcxproj”(1)正在节点 5 上生成“D:\BundleFusion\BuddleFusion-master\FriedLiver\FriedLiver.vcxproj”(1:8) (CudaBuildCore 个目标)。
     1>CudaBuildCore:
         Compiling CUDA source file Source\SiftGPU\CUDASiftConstant.cu...
     1>项目“D:\BundleFusion\BuddleFusion-master\FriedLiver\FriedLiver.vcxproj”(1)正在节点 10 上生成“D:\BundleFusion\BuddleFusion-master\FriedLiver\FriedLiver.vcxproj”(1:11) (CudaBuildCore 个目标)。
     1>CudaBuildCore:
         Compiling CUDA source file Source\DepthSensing\CUDASceneRepChunkGrid.cu...
     1>项目“D:\BundleFusion\BuddleFusion-master\FriedLiver\FriedLiver.vcxproj”(1)正在节点 9 上生成“D:\BundleFusion\BuddleFusion-master\FriedLiver\FriedLiver.vcxproj”(1:10) (CudaBuildCore 个目标)。
     1>CudaBuildCore:
         Compiling CUDA source file Source\DepthSensing\CameraUtil.cu...
     1>项目“D:\BundleFusion\BuddleFusion-master\FriedLiver\FriedLiver.vcxproj”(1)正在节点 6 上生成“D:\BundleFusion\BuddleFusion-master\FriedLiver\FriedLiver.vcxproj”(1:9) (CudaBuildCore 个目标)。
     1>CudaBuildCore:
         Compiling CUDA source file Source\SBA.cu...
     1>项目“D:\BundleFusion\BuddleFusion-master\FriedLiver\FriedLiver.vcxproj”(1)正在节点 12 上生成“D:\BundleFusion\BuddleFusion-master\FriedLiver\FriedLiver.vcxproj”(1:13) (CudaBuildCore 个目标)。
     1>CudaBuildCore:
         Compiling CUDA source file Source\DepthSensing\CUDAMarchingCubesSDF.cu...
     1>项目“D:\BundleFusion\BuddleFusion-master\FriedLiver\FriedLiver.vcxproj”(1)正在节点 13 上生成“D:\BundleFusion\BuddleFusion-master\FriedLiver\FriedLiver.vcxproj”(1:12) (CudaBuildCore 个目标)。
     1>CudaBuildCore:
         Compiling CUDA source file Source\DepthSensing\CUDAImageHelper.cu...
     1>项目“D:\BundleFusion\BuddleFusion-master\FriedLiver\FriedLiver.vcxproj”(1)正在节点 11 上生成“D:\BundleFusion\BuddleFusion-master\FriedLiver\FriedLiver.vcxproj”(1:14) (CudaBuildCore 个目标)。
     1>CudaBuildCore:
         Compiling CUDA source file Source\DepthSensing\CUDARayCastSDF.cu...
     1>项目“D:\BundleFusion\BuddleFusion-master\FriedLiver\FriedLiver.vcxproj”(1)正在节点 16 上生成“D:\BundleFusion\BuddleFusion-master\FriedLiver\FriedLiver.vcxproj”(1:16) (CudaBuildCore 个目标)。
     1>CudaBuildCore:
         Compiling CUDA source file Source\DepthSensing\CUDASceneRepHashSDF.cu...
     1>项目“D:\BundleFusion\BuddleFusion-master\FriedLiver\FriedLiver.vcxproj”(1)正在节点 14 上生成“D:\BundleFusion\BuddleFusion-master\FriedLiver\FriedLiver.vcxproj”(1:15) (CudaBuildCore 个目标)。
     1>CudaBuildCore:
         Compiling CUDA source file Source\DepthSensing\CUDAHistogramHashSDF.cu...
     1>项目“D:\BundleFusion\BuddleFusion-master\FriedLiver\FriedLiver.vcxproj”(1)正在节点 15 上生成“D:\BundleFusion\BuddleFusion-master\FriedLiver\FriedLiver.vcxproj”(1:17) (CudaBuildCore 个目标)。
     1>CudaBuildCore:
         Compiling CUDA source file Source\DepthSensing\CUDAConstant.cu...
     1>项目“D:\BundleFusion\BuddleFusion-master\FriedLiver\FriedLiver.vcxproj”(1)正在节点 17 上生成“D:\BundleFusion\BuddleFusion-master\FriedLiver\FriedLiver.vcxproj”(1:18) (CudaBuildCore 个目标)。
     1>CudaBuildCore:
         Compiling CUDA source file Source\DepthSensing\ScanCS.cu...
     1>CudaBuildCore:
         cmd.exe /C "C:\Users\YRZ\AppData\Local\Temp\tmpb5df61836b5042bf810ac47cbcef78a1.cmd"
         "D:\cuda\bin\nvcc.exe" -gencode=arch=compute_86,code=\"sm_86,compute_86\" --use-local-env -ccbin "D:\visual studio\VC\bin\x86_amd64" -x cu -rdc=true -IInclude\cutil\inc -I"D:\BundleFusion\BuddleFusion-master\FriedLiver" -ISource\DXUT\Optional -ISource\DXUT\Core -IInclude\Uplink -I"C:\Program Files (x86)\Intel RealSense SDK 2.0\include" -I"C:\Program Files (x86)\Intel RealSense SDK 2.0\third-party\\" -ID:\cuda\include -ID:\cuda\include     --keep-dir x64\Debug -maxrregcount=62  --machine 64 --compile -cudart static  -g   -DWIN32 -D_DEBUG -DDEBUG -DPROFILE -D_CONSOLE -DD3DXFX_LARGEADDRESS_HANDLE -D_CRT_SECURE_NO_WARNINGS -DNOMINMAX -D_UNICODE -DUNICODE -Xcompiler "/EHsc /W3 /nologo /Od /Fdx64\Debug\vc120.pdb /FS /Zi /RTC1 /MDd " -o x64\Debug\CUDACache.cu.obj "D:\BundleFusion\BuddleFusion-master\FriedLiver\Source\CUDACache.cu"
     1>CudaBuildCore:
         cmd.exe /C "C:\Users\YRZ\AppData\Local\Temp\tmp33f053a0cbba4f0683438eeb7d3a6555.cmd"
         "D:\cuda\bin\nvcc.exe" -gencode=arch=compute_86,code=\"sm_86,compute_86\" --use-local-env -ccbin "D:\visual studio\VC\bin\x86_amd64" -x cu -rdc=true -IInclude\cutil\inc -I"D:\BundleFusion\BuddleFusion-master\FriedLiver" -ISource\DXUT\Optional -ISource\DXUT\Core -IInclude\Uplink -I"C:\Program Files (x86)\Intel RealSense SDK 2.0\include" -I"C:\Program Files (x86)\Intel RealSense SDK 2.0\third-party\\" -ID:\cuda\include -ID:\cuda\include     --keep-dir x64\Debug -maxrregcount=62  --machine 64 --compile -cudart static  -g   -DWIN32 -D_DEBUG -DDEBUG -DPROFILE -D_CONSOLE -DD3DXFX_LARGEADDRESS_HANDLE -D_CRT_SECURE_NO_WARNINGS -DNOMINMAX -D_UNICODE -DUNICODE -Xcompiler "/EHsc /W3 /nologo /Od /Fdx64\Debug\vc120.pdb /FS /Zi /RTC1 /MDd " -o x64\Debug\CUDAImageUtil.cu.obj "D:\BundleFusion\BuddleFusion-master\FriedLiver\Source\CUDAImageUtil.cu"
     1>CudaBuildCore:
         cmd.exe /C "C:\Users\YRZ\AppData\Local\Temp\tmpc9137238d63848e383ee7079344e8e90.cmd"
         "D:\cuda\bin\nvcc.exe" -gencode=arch=compute_86,code=\"sm_86,compute_86\" --use-local-env -ccbin "D:\visual studio\VC\bin\x86_amd64" -x cu -rdc=true -IInclude\cutil\inc -I"D:\BundleFusion\BuddleFusion-master\FriedLiver" -ISource\DXUT\Optional -ISource\DXUT\Core -IInclude\Uplink -I"C:\Program Files (x86)\Intel RealSense SDK 2.0\include" -I"C:\Program Files (x86)\Intel RealSense SDK 2.0\third-party\\" -ID:\cuda\include -ID:\cuda\include     --keep-dir x64\Debug -maxrregcount=62  --machine 64 --compile -cudart static  -g   -DWIN32 -D_DEBUG -DDEBUG -DPROFILE -D_CONSOLE -DD3DXFX_LARGEADDRESS_HANDLE -D_CRT_SECURE_NO_WARNINGS -DNOMINMAX -D_UNICODE -DUNICODE -Xcompiler "/EHsc /W3 /nologo /Od /Fdx64\Debug\vc120.pdb /FS /Zi /RTC1 /MDd " -o x64\Debug\ProgramCU.cu.obj "D:\BundleFusion\BuddleFusion-master\FriedLiver\Source\SiftGPU\ProgramCU.cu"
     1>CudaBuildCore:
         cmd.exe /C "C:\Users\YRZ\AppData\Local\Temp\tmp6a1e98e0983148ff9dfff6d1605a8499.cmd"
         "D:\cuda\bin\nvcc.exe" -gencode=arch=compute_86,code=\"sm_86,compute_86\" --use-local-env -ccbin "D:\visual studio\VC\bin\x86_amd64" -x cu -rdc=true -IInclude\cutil\inc -I"D:\BundleFusion\BuddleFusion-master\FriedLiver" -ISource\DXUT\Optional -ISource\DXUT\Core -IInclude\Uplink -I"C:\Program Files (x86)\Intel RealSense SDK 2.0\include" -I"C:\Program Files (x86)\Intel RealSense SDK 2.0\third-party\\" -ID:\cuda\include -ID:\cuda\include     --keep-dir x64\Debug -maxrregcount=62  --machine 64 --compile -cudart static  -g   -DWIN32 -D_DEBUG -DDEBUG -DPROFILE -D_CONSOLE -DD3DXFX_LARGEADDRESS_HANDLE -D_CRT_SECURE_NO_WARNINGS -DNOMINMAX -D_UNICODE -DUNICODE -Xcompiler "/EHsc /W3 /nologo /Od /Fdx64\Debug\vc120.pdb /FS /Zi /RTC1 /MDd " -o x64\Debug\SIFTImageManager.cu.obj "D:\BundleFusion\BuddleFusion-master\FriedLiver\Source\SiftGPU\SIFTImageManager.cu"
     1>CudaBuildCore:
         cmd.exe /C "C:\Users\YRZ\AppData\Local\Temp\tmp54d86a70892d4d4f8d81910ad31141e3.cmd"
     1>CudaBuildCore:
         cmd.exe /C "C:\Users\YRZ\AppData\Local\Temp\tmp60ae96fca1814ca69348d4f672e62e1c.cmd"
         "D:\cuda\bin\nvcc.exe" -gencode=arch=compute_86,code=\"sm_86,compute_86\" --use-local-env -ccbin "D:\visual studio\VC\bin\x86_amd64" -x cu -rdc=true -IInclude\cutil\inc -I"D:\BundleFusion\BuddleFusion-master\FriedLiver" -ISource\DXUT\Optional -ISource\DXUT\Core -IInclude\Uplink -I"C:\Program Files (x86)\Intel RealSense SDK 2.0\include" -I"C:\Program Files (x86)\Intel RealSense SDK 2.0\third-party\\" -ID:\cuda\include -ID:\cuda\include     --keep-dir x64\Debug -maxrregcount=0 --ptxas-options=-v --machine 64 --compile -cudart static  -g   -DWIN32 -D_DEBUG -DDEBUG -DPROFILE -D_CONSOLE -DD3DXFX_LARGEADDRESS_HANDLE -D_CRT_SECURE_NO_WARNINGS -DNOMINMAX -D_UNICODE -DUNICODE -Xcompiler "/EHsc /W3 /nologo /Od /Fdx64\Debug\vc120.pdb /FS /Zi /RTC1 /MDd " -o x64\Debug\SolverBundling.cu.obj "D:\BundleFusion\BuddleFusion-master\FriedLiver\Source\Solver\SolverBundling.cu"
     1>CudaBuildCore:
         "D:\cuda\bin\nvcc.exe" -gencode=arch=compute_86,code=\"sm_86,compute_86\" --use-local-env -ccbin "D:\visual studio\VC\bin\x86_amd64" -x cu -rdc=true -IInclude\cutil\inc -I"D:\BundleFusion\BuddleFusion-master\FriedLiver" -ISource\DXUT\Optional -ISource\DXUT\Core -IInclude\Uplink -I"C:\Program Files (x86)\Intel RealSense SDK 2.0\include" -I"C:\Program Files (x86)\Intel RealSense SDK 2.0\third-party\\" -ID:\cuda\include -ID:\cuda\include     --keep-dir x64\Debug -maxrregcount=62  --machine 64 --compile -cudart static  -g   -DWIN32 -D_DEBUG -DDEBUG -DPROFILE -D_CONSOLE -DD3DXFX_LARGEADDRESS_HANDLE -D_CRT_SECURE_NO_WARNINGS -DNOMINMAX -D_UNICODE -DUNICODE -Xcompiler "/EHsc /W3 /nologo /Od /Fdx64\Debug\vc120.pdb /FS /Zi /RTC1 /MDd " -o x64\Debug\CameraUtil.cu.obj "D:\BundleFusion\BuddleFusion-master\FriedLiver\Source\DepthSensing\CameraUtil.cu"
     1>CudaBuildCore:
         cmd.exe /C "C:\Users\YRZ\AppData\Local\Temp\tmpbc89c15bb0df49a9a0df8755386e940b.cmd"
         "D:\cuda\bin\nvcc.exe" -gencode=arch=compute_86,code=\"sm_86,compute_86\" --use-local-env -ccbin "D:\visual studio\VC\bin\x86_amd64" -x cu -rdc=true -IInclude\cutil\inc -I"D:\BundleFusion\BuddleFusion-master\FriedLiver" -ISource\DXUT\Optional -ISource\DXUT\Core -IInclude\Uplink -I"C:\Program Files (x86)\Intel RealSense SDK 2.0\include" -I"C:\Program Files (x86)\Intel RealSense SDK 2.0\third-party\\" -ID:\cuda\include -ID:\cuda\include     --keep-dir x64\Debug -maxrregcount=62  --machine 64 --compile -cudart static  -g   -DWIN32 -D_DEBUG -DDEBUG -DPROFILE -D_CONSOLE -DD3DXFX_LARGEADDRESS_HANDLE -D_CRT_SECURE_NO_WARNINGS -DNOMINMAX -D_UNICODE -DUNICODE -Xcompiler "/EHsc /W3 /nologo /Od /Fdx64\Debug\vc120.pdb /FS /Zi /RTC1 /MDd " -o x64\Debug\CUDASceneRepChunkGrid.cu.obj "D:\BundleFusion\BuddleFusion-master\FriedLiver\Source\DepthSensing\CUDASceneRepChunkGrid.cu"
     1>CudaBuildCore:
         cmd.exe /C "C:\Users\YRZ\AppData\Local\Temp\tmpa304b4ba10344769b3272a11c05e72a6.cmd"
         "D:\cuda\bin\nvcc.exe" -gencode=arch=compute_86,code=\"sm_86,compute_86\" --use-local-env -ccbin "D:\visual studio\VC\bin\x86_amd64" -x cu -rdc=true -IInclude\cutil\inc -I"D:\BundleFusion\BuddleFusion-master\FriedLiver" -ISource\DXUT\Optional -ISource\DXUT\Core -IInclude\Uplink -I"C:\Program Files (x86)\Intel RealSense SDK 2.0\include" -I"C:\Program Files (x86)\Intel RealSense SDK 2.0\third-party\\" -ID:\cuda\include -ID:\cuda\include     --keep-dir x64\Debug -maxrregcount=62  --machine 64 --compile -cudart static  -g   -DWIN32 -D_DEBUG -DDEBUG -DPROFILE -D_CONSOLE -DD3DXFX_LARGEADDRESS_HANDLE -D_CRT_SECURE_NO_WARNINGS -DNOMINMAX -D_UNICODE -DUNICODE -Xcompiler "/EHsc /W3 /nologo /Od /Fdx64\Debug\vc120.pdb /FS /Zi /RTC1 /MDd " -o x64\Debug\OnlineBundler.cu.obj "D:\BundleFusion\BuddleFusion-master\FriedLiver\Source\OnlineBundler.cu"
     1>CudaBuildCore:
         cmd.exe /C "C:\Users\YRZ\AppData\Local\Temp\tmpdca8525a91be4fb0a77f2aa16a02cde2.cmd"
         "D:\cuda\bin\nvcc.exe" -gencode=arch=compute_86,code=\"sm_86,compute_86\" --use-local-env -ccbin "D:\visual studio\VC\bin\x86_amd64" -x cu -rdc=true -IInclude\cutil\inc -I"D:\BundleFusion\BuddleFusion-master\FriedLiver" -ISource\DXUT\Optional -ISource\DXUT\Core -IInclude\Uplink -I"C:\Program Files (x86)\Intel RealSense SDK 2.0\include" -I"C:\Program Files (x86)\Intel RealSense SDK 2.0\third-party\\" -ID:\cuda\include -ID:\cuda\include     --keep-dir x64\Debug -maxrregcount=62  --machine 64 --compile -cudart static  -g   -DWIN32 -D_DEBUG -DDEBUG -DPROFILE -D_CONSOLE -DD3DXFX_LARGEADDRESS_HANDLE -D_CRT_SECURE_NO_WARNINGS -DNOMINMAX -D_UNICODE -DUNICODE -Xcompiler "/EHsc /W3 /nologo /Od /Fdx64\Debug\vc120.pdb /FS /Zi /RTC1 /MDd " -o x64\Debug\CUDASiftConstant.cu.obj "D:\BundleFusion\BuddleFusion-master\FriedLiver\Source\SiftGPU\CUDASiftConstant.cu"
     1>CudaBuildCore:
         
         D:\BundleFusion\BuddleFusion-master\FriedLiver>"D:\cuda\bin\nvcc.exe" -gencode=arch=compute_86,code=\"sm_86,compute_86\" --use-local-env -ccbin "D:\visual studio\VC\bin\x86_amd64" -x cu -rdc=true -IInclude\cutil\inc -I"D:\BundleFusion\BuddleFusion-master\FriedLiver" -ISource\DXUT\Optional -ISource\DXUT\Core -IInclude\Uplink -I"C:\Program Files (x86)\Intel RealSense SDK 2.0\include" -I"C:\Program Files (x86)\Intel RealSense SDK 2.0\third-party\\" -ID:\cuda\include -ID:\cuda\include     --keep-dir x64\Debug -maxrregcount=62  --machine 64 --compile -cudart static  -g   -DWIN32 -D_DEBUG -DDEBUG -DPROFILE -D_CONSOLE -DD3DXFX_LARGEADDRESS_HANDLE -D_CRT_SECURE_NO_WARNINGS -DNOMINMAX -D_UNICODE -DUNICODE -Xcompiler "/EHsc /W3 /nologo /Od /Fdx64\Debug\vc120.pdb /FS /Zi /RTC1 /MDd " -o x64\Debug\CUDACache.cu.obj "D:\BundleFusion\BuddleFusion-master\FriedLiver\Source\CUDACache.cu" 
     1>CudaBuildCore:
         cmd.exe /C "C:\Users\YRZ\AppData\Local\Temp\tmpa48b51cf6ef340569903cc4b9104f161.cmd"
         "D:\cuda\bin\nvcc.exe" -gencode=arch=compute_86,code=\"sm_86,compute_86\" --use-local-env -ccbin "D:\visual studio\VC\bin\x86_amd64" -x cu -rdc=true -IInclude\cutil\inc -I"D:\BundleFusion\BuddleFusion-master\FriedLiver" -ISource\DXUT\Optional -ISource\DXUT\Core -IInclude\Uplink -I"C:\Program Files (x86)\Intel RealSense SDK 2.0\include" -I"C:\Program Files (x86)\Intel RealSense SDK 2.0\third-party\\" -ID:\cuda\include -ID:\cuda\include     --keep-dir x64\Debug -maxrregcount=62  --machine 64 --compile -cudart static  -g   -DWIN32 -D_DEBUG -DDEBUG -DPROFILE -D_CONSOLE -DD3DXFX_LARGEADDRESS_HANDLE -D_CRT_SECURE_NO_WARNINGS -DNOMINMAX -D_UNICODE -DUNICODE -Xcompiler "/EHsc /W3 /nologo /Od /Fdx64\Debug\vc120.pdb /FS /Zi /RTC1 /MDd " -o x64\Debug\CUDAMarchingCubesSDF.cu.obj "D:\BundleFusion\BuddleFusion-master\FriedLiver\Source\DepthSensing\CUDAMarchingCubesSDF.cu"
     1>CudaBuildCore:
         cmd.exe /C "C:\Users\YRZ\AppData\Local\Temp\tmp17a642832cd14cb7aeb2e1f54c7c1a73.cmd"
         "D:\cuda\bin\nvcc.exe" -gencode=arch=compute_86,code=\"sm_86,compute_86\" --use-local-env -ccbin "D:\visual studio\VC\bin\x86_amd64" -x cu -rdc=true -IInclude\cutil\inc -I"D:\BundleFusion\BuddleFusion-master\FriedLiver" -ISource\DXUT\Optional -ISource\DXUT\Core -IInclude\Uplink -I"C:\Program Files (x86)\Intel RealSense SDK 2.0\include" -I"C:\Program Files (x86)\Intel RealSense SDK 2.0\third-party\\" -ID:\cuda\include -ID:\cuda\include     --keep-dir x64\Debug -maxrregcount=62  --machine 64 --compile -cudart static  -g   -DWIN32 -D_DEBUG -DDEBUG -DPROFILE -D_CONSOLE -DD3DXFX_LARGEADDRESS_HANDLE -D_CRT_SECURE_NO_WARNINGS -DNOMINMAX -D_UNICODE -DUNICODE -Xcompiler "/EHsc /W3 /nologo /Od /Fdx64\Debug\vc120.pdb /FS /Zi /RTC1 /MDd " -o x64\Debug\SBA.cu.obj "D:\BundleFusion\BuddleFusion-master\FriedLiver\Source\SBA.cu"
     1>CudaBuildCore:
         cmd.exe /C "C:\Users\YRZ\AppData\Local\Temp\tmp2a11462b64b146ceb8b9c3f51eabe52a.cmd"
         "D:\cuda\bin\nvcc.exe" -gencode=arch=compute_86,code=\"sm_86,compute_86\" --use-local-env -ccbin "D:\visual studio\VC\bin\x86_amd64" -x cu -rdc=true -IInclude\cutil\inc -I"D:\BundleFusion\BuddleFusion-master\FriedLiver" -ISource\DXUT\Optional -ISource\DXUT\Core -IInclude\Uplink -I"C:\Program Files (x86)\Intel RealSense SDK 2.0\include" -I"C:\Program Files (x86)\Intel RealSense SDK 2.0\third-party\\" -ID:\cuda\include -ID:\cuda\include     --keep-dir x64\Debug -maxrregcount=62  --machine 64 --compile -cudart static  -g   -DWIN32 -D_DEBUG -DDEBUG -DPROFILE -D_CONSOLE -DD3DXFX_LARGEADDRESS_HANDLE -D_CRT_SECURE_NO_WARNINGS -DNOMINMAX -D_UNICODE -DUNICODE -Xcompiler "/EHsc /W3 /nologo /Od /Fdx64\Debug\vc120.pdb /FS /Zi /RTC1 /MDd " -o x64\Debug\CUDAHistogramHashSDF.cu.obj "D:\BundleFusion\BuddleFusion-master\FriedLiver\Source\DepthSensing\CUDAHistogramHashSDF.cu"
     1>CudaBuildCore:
         cmd.exe /C "C:\Users\YRZ\AppData\Local\Temp\tmp432de83e439347abb5499f3df7165e06.cmd"
         "D:\cuda\bin\nvcc.exe" -gencode=arch=compute_86,code=\"sm_86,compute_86\" --use-local-env -ccbin "D:\visual studio\VC\bin\x86_amd64" -x cu -rdc=true -IInclude\cutil\inc -I"D:\BundleFusion\BuddleFusion-master\FriedLiver" -ISource\DXUT\Optional -ISource\DXUT\Core -IInclude\Uplink -I"C:\Program Files (x86)\Intel RealSense SDK 2.0\include" -I"C:\Program Files (x86)\Intel RealSense SDK 2.0\third-party\\" -ID:\cuda\include -ID:\cuda\include     --keep-dir x64\Debug -maxrregcount=62  --machine 64 --compile -cudart static  -g   -DWIN32 -D_DEBUG -DDEBUG -DPROFILE -D_CONSOLE -DD3DXFX_LARGEADDRESS_HANDLE -D_CRT_SECURE_NO_WARNINGS -DNOMINMAX -D_UNICODE -DUNICODE -Xcompiler "/EHsc /W3 /nologo /Od /Fdx64\Debug\vc120.pdb /FS /Zi /RTC1 /MDd " -o x64\Debug\CUDARayCastSDF.cu.obj "D:\BundleFusion\BuddleFusion-master\FriedLiver\Source\DepthSensing\CUDARayCastSDF.cu"
     1>CudaBuildCore:
         cmd.exe /C "C:\Users\YRZ\AppData\Local\Temp\tmp72c953c0aae04e9ab5715e53eb4eef05.cmd"
         "D:\cuda\bin\nvcc.exe" -gencode=arch=compute_86,code=\"sm_86,compute_86\" --use-local-env -ccbin "D:\visual studio\VC\bin\x86_amd64" -x cu -rdc=true -IInclude\cutil\inc -I"D:\BundleFusion\BuddleFusion-master\FriedLiver" -ISource\DXUT\Optional -ISource\DXUT\Core -IInclude\Uplink -I"C:\Program Files (x86)\Intel RealSense SDK 2.0\include" -I"C:\Program Files (x86)\Intel RealSense SDK 2.0\third-party\\" -ID:\cuda\include -ID:\cuda\include     --keep-dir x64\Debug -maxrregcount=62  --machine 64 --compile -cudart static  -g   -DWIN32 -D_DEBUG -DDEBUG -DPROFILE -D_CONSOLE -DD3DXFX_LARGEADDRESS_HANDLE -D_CRT_SECURE_NO_WARNINGS -DNOMINMAX -D_UNICODE -DUNICODE -Xcompiler "/EHsc /W3 /nologo /Od /Fdx64\Debug\vc120.pdb /FS /Zi /RTC1 /MDd " -o x64\Debug\CUDAImageHelper.cu.obj "D:\BundleFusion\BuddleFusion-master\FriedLiver\Source\DepthSensing\CUDAImageHelper.cu"
     1>CudaBuildCore:
         cmd.exe /C "C:\Users\YRZ\AppData\Local\Temp\tmp5762ba49bd1f452aa036e85dabb24951.cmd"
         "D:\cuda\bin\nvcc.exe" -gencode=arch=compute_86,code=\"sm_86,compute_86\" --use-local-env -ccbin "D:\visual studio\VC\bin\x86_amd64" -x cu -rdc=true -IInclude\cutil\inc -I"D:\BundleFusion\BuddleFusion-master\FriedLiver" -ISource\DXUT\Optional -ISource\DXUT\Core -IInclude\Uplink -I"C:\Program Files (x86)\Intel RealSense SDK 2.0\include" -I"C:\Program Files (x86)\Intel RealSense SDK 2.0\third-party\\" -ID:\cuda\include -ID:\cuda\include     --keep-dir x64\Debug -maxrregcount=62  --machine 64 --compile -cudart static  -g   -DWIN32 -D_DEBUG -DDEBUG -DPROFILE -D_CONSOLE -DD3DXFX_LARGEADDRESS_HANDLE -D_CRT_SECURE_NO_WARNINGS -DNOMINMAX -D_UNICODE -DUNICODE -Xcompiler "/EHsc /W3 /nologo /Od /Fdx64\Debug\vc120.pdb /FS /Zi /RTC1 /MDd " -o x64\Debug\CUDASceneRepHashSDF.cu.obj "D:\BundleFusion\BuddleFusion-master\FriedLiver\Source\DepthSensing\CUDASceneRepHashSDF.cu"
     1>CudaBuildCore:
         
         D:\BundleFusion\BuddleFusion-master\FriedLiver>"D:\cuda\bin\nvcc.exe" -gencode=arch=compute_86,code=\"sm_86,compute_86\" --use-local-env -ccbin "D:\visual studio\VC\bin\x86_amd64" -x cu -rdc=true -IInclude\cutil\inc -I"D:\BundleFusion\BuddleFusion-master\FriedLiver" -ISource\DXUT\Optional -ISource\DXUT\Core -IInclude\Uplink -I"C:\Program Files (x86)\Intel RealSense SDK 2.0\include" -I"C:\Program Files (x86)\Intel RealSense SDK 2.0\third-party\\" -ID:\cuda\include -ID:\cuda\include     --keep-dir x64\Debug -maxrregcount=62  --machine 64 --compile -cudart static  -g   -DWIN32 -D_DEBUG -DDEBUG -DPROFILE -D_CONSOLE -DD3DXFX_LARGEADDRESS_HANDLE -D_CRT_SECURE_NO_WARNINGS -DNOMINMAX -D_UNICODE -DUNICODE -Xcompiler "/EHsc /W3 /nologo /Od /Fdx64\Debug\vc120.pdb /FS /Zi /RTC1 /MDd " -o x64\Debug\CUDAImageUtil.cu.obj "D:\BundleFusion\BuddleFusion-master\FriedLiver\Source\CUDAImageUtil.cu" 
     1>CudaBuildCore:
         nvcc fatal   : Unsupported gpu architecture 'compute_86'
     1>CudaBuildCore:
         cmd.exe /C "C:\Users\YRZ\AppData\Local\Temp\tmpb80a3a969d6949daaaccde1aff95ed44.cmd"
         "D:\cuda\bin\nvcc.exe" -gencode=arch=compute_86,code=\"sm_86,compute_86\" --use-local-env -ccbin "D:\visual studio\VC\bin\x86_amd64" -x cu -rdc=true -IInclude\cutil\inc -I"D:\BundleFusion\BuddleFusion-master\FriedLiver" -ISource\DXUT\Optional -ISource\DXUT\Core -IInclude\Uplink -I"C:\Program Files (x86)\Intel RealSense SDK 2.0\include" -I"C:\Program Files (x86)\Intel RealSense SDK 2.0\third-party\\" -ID:\cuda\include -ID:\cuda\include     --keep-dir x64\Debug -maxrregcount=62  --machine 64 --compile -cudart static  -g   -DWIN32 -D_DEBUG -DDEBUG -DPROFILE -D_CONSOLE -DD3DXFX_LARGEADDRESS_HANDLE -D_CRT_SECURE_NO_WARNINGS -DNOMINMAX -D_UNICODE -DUNICODE -Xcompiler "/EHsc /W3 /nologo /Od /Fdx64\Debug\vc120.pdb /FS /Zi /RTC1 /MDd " -o x64\Debug\ScanCS.cu.obj "D:\BundleFusion\BuddleFusion-master\FriedLiver\Source\DepthSensing\ScanCS.cu"
     1>CudaBuildCore:
         cmd.exe /C "C:\Users\YRZ\AppData\Local\Temp\tmpea3eacd1e73843568f2ccc24fce3b7de.cmd"
         "D:\cuda\bin\nvcc.exe" -gencode=arch=compute_86,code=\"sm_86,compute_86\" --use-local-env -ccbin "D:\visual studio\VC\bin\x86_amd64" -x cu -rdc=true -IInclude\cutil\inc -I"D:\BundleFusion\BuddleFusion-master\FriedLiver" -ISource\DXUT\Optional -ISource\DXUT\Core -IInclude\Uplink -I"C:\Program Files (x86)\Intel RealSense SDK 2.0\include" -I"C:\Program Files (x86)\Intel RealSense SDK 2.0\third-party\\" -ID:\cuda\include -ID:\cuda\include     --keep-dir x64\Debug -maxrregcount=62  --machine 64 --compile -cudart static  -g   -DWIN32 -D_DEBUG -DDEBUG -DPROFILE -D_CONSOLE -DD3DXFX_LARGEADDRESS_HANDLE -D_CRT_SECURE_NO_WARNINGS -DNOMINMAX -D_UNICODE -DUNICODE -Xcompiler "/EHsc /W3 /nologo /Od /Fdx64\Debug\vc120.pdb /FS /Zi /RTC1 /MDd " -o x64\Debug\CUDAConstant.cu.obj "D:\BundleFusion\BuddleFusion-master\FriedLiver\Source\DepthSensing\CUDAConstant.cu"
     1>CudaBuildCore:
         nvcc fatal   : Unsupported gpu architecture 'compute_86'
     1>C:\Program Files (x86)\MSBuild\Microsoft.Cpp\v4.0\V120\BuildCustomizations\CUDA 10.2.targets(764,9): error MSB3721: 命令“"D:\cuda\bin\nvcc.exe" -gencode=arch=compute_86,code=\"sm_86,compute_86\" --use-local-env -ccbin "D:\visual studio\VC\bin\x86_amd64" -x cu -rdc=true -IInclude\cutil\inc -I"D:\BundleFusion\BuddleFusion-master\FriedLiver" -ISource\DXUT\Optional -ISource\DXUT\Core -IInclude\Uplink -I"C:\Program Files (x86)\Intel RealSense SDK 2.0\include" -I"C:\Program Files (x86)\Intel RealSense SDK 2.0\third-party\\" -ID:\cuda\include -ID:\cuda\include     --keep-dir x64\Debug -maxrregcount=62  --machine 64 --compile -cudart static  -g   -DWIN32 -D_DEBUG -DDEBUG -DPROFILE -D_CONSOLE -DD3DXFX_LARGEADDRESS_HANDLE -D_CRT_SECURE_NO_WARNINGS -DNOMINMAX -D_UNICODE -DUNICODE -Xcompiler "/EHsc /W3 /nologo /Od /Fdx64\Debug\vc120.pdb /FS /Zi /RTC1 /MDd " -o x64\Debug\CUDACache.cu.obj "D:\BundleFusion\BuddleFusion-master\FriedLiver\Source\CUDACache.cu"”已退出，返回代码为 1。
     1>已完成生成项目“D:\BundleFusion\BuddleFusion-master\FriedLiver\FriedLiver.vcxproj”(CudaBuildCore 个目标)的操作 - 失败。
     1>C:\Program Files (x86)\MSBuild\Microsoft.Cpp\v4.0\V120\BuildCustomizations\CUDA 10.2.targets(764,9): error MSB3721: 命令“"D:\cuda\bin\nvcc.exe" -gencode=arch=compute_86,code=\"sm_86,compute_86\" --use-local-env -ccbin "D:\visual studio\VC\bin\x86_amd64" -x cu -rdc=true -IInclude\cutil\inc -I"D:\BundleFusion\BuddleFusion-master\FriedLiver" -ISource\DXUT\Optional -ISource\DXUT\Core -IInclude\Uplink -I"C:\Program Files (x86)\Intel RealSense SDK 2.0\include" -I"C:\Program Files (x86)\Intel RealSense SDK 2.0\third-party\\" -ID:\cuda\include -ID:\cuda\include     --keep-dir x64\Debug -maxrregcount=62  --machine 64 --compile -cudart static  -g   -DWIN32 -D_DEBUG -DDEBUG -DPROFILE -D_CONSOLE -DD3DXFX_LARGEADDRESS_HANDLE -D_CRT_SECURE_NO_WARNINGS -DNOMINMAX -D_UNICODE -DUNICODE -Xcompiler "/EHsc /W3 /nologo /Od /Fdx64\Debug\vc120.pdb /FS /Zi /RTC1 /MDd " -o x64\Debug\CUDAImageUtil.cu.obj "D:\BundleFusion\BuddleFusion-master\FriedLiver\Source\CUDAImageUtil.cu"”已退出，返回代码为 1。
     1>已完成生成项目“D:\BundleFusion\BuddleFusion-master\FriedLiver\FriedLiver.vcxproj”(CudaBuildCore 个目标)的操作 - 失败。
     1>CudaBuildCore:
         
         D:\BundleFusion\BuddleFusion-master\FriedLiver>"D:\cuda\bin\nvcc.exe" -gencode=arch=compute_86,code=\"sm_86,compute_86\" --use-local-env -ccbin "D:\visual studio\VC\bin\x86_amd64" -x cu -rdc=true -IInclude\cutil\inc -I"D:\BundleFusion\BuddleFusion-master\FriedLiver" -ISource\DXUT\Optional -ISource\DXUT\Core -IInclude\Uplink -I"C:\Program Files (x86)\Intel RealSense SDK 2.0\include" -I"C:\Program Files (x86)\Intel RealSense SDK 2.0\third-party\\" -ID:\cuda\include -ID:\cuda\include     --keep-dir x64\Debug -maxrregcount=62  --machine 64 --compile -cudart static  -g   -DWIN32 -D_DEBUG -DDEBUG -DPROFILE -D_CONSOLE -DD3DXFX_LARGEADDRESS_HANDLE -D_CRT_SECURE_NO_WARNINGS -DNOMINMAX -D_UNICODE -DUNICODE -Xcompiler "/EHsc /W3 /nologo /Od /Fdx64\Debug\vc120.pdb /FS /Zi /RTC1 /MDd " -o x64\Debug\ProgramCU.cu.obj "D:\BundleFusion\BuddleFusion-master\FriedLiver\Source\SiftGPU\ProgramCU.cu" 
     1>CudaBuildCore:
         
         D:\BundleFusion\BuddleFusion-master\FriedLiver>"D:\cuda\bin\nvcc.exe" -gencode=arch=compute_86,code=\"sm_86,compute_86\" --use-local-env -ccbin "D:\visual studio\VC\bin\x86_amd64" -x cu -rdc=true -IInclude\cutil\inc -I"D:\BundleFusion\BuddleFusion-master\FriedLiver" -ISource\DXUT\Optional -ISource\DXUT\Core -IInclude\Uplink -I"C:\Program Files (x86)\Intel RealSense SDK 2.0\include" -I"C:\Program Files (x86)\Intel RealSense SDK 2.0\third-party\\" -ID:\cuda\include -ID:\cuda\include     --keep-dir x64\Debug -maxrregcount=62  --machine 64 --compile -cudart static  -g   -DWIN32 -D_DEBUG -DDEBUG -DPROFILE -D_CONSOLE -DD3DXFX_LARGEADDRESS_HANDLE -D_CRT_SECURE_NO_WARNINGS -DNOMINMAX -D_UNICODE -DUNICODE -Xcompiler "/EHsc /W3 /nologo /Od /Fdx64\Debug\vc120.pdb /FS /Zi /RTC1 /MDd " -o x64\Debug\CameraUtil.cu.obj "D:\BundleFusion\BuddleFusion-master\FriedLiver\Source\DepthSensing\CameraUtil.cu" 
     1>CudaBuildCore:
         
         D:\BundleFusion\BuddleFusion-master\FriedLiver>"D:\cuda\bin\nvcc.exe" -gencode=arch=compute_86,code=\"sm_86,compute_86\" --use-local-env -ccbin "D:\visual studio\VC\bin\x86_amd64" -x cu -rdc=true -IInclude\cutil\inc -I"D:\BundleFusion\BuddleFusion-master\FriedLiver" -ISource\DXUT\Optional -ISource\DXUT\Core -IInclude\Uplink -I"C:\Program Files (x86)\Intel RealSense SDK 2.0\include" -I"C:\Program Files (x86)\Intel RealSense SDK 2.0\third-party\\" -ID:\cuda\include -ID:\cuda\include     --keep-dir x64\Debug -maxrregcount=62  --machine 64 --compile -cudart static  -g   -DWIN32 -D_DEBUG -DDEBUG -DPROFILE -D_CONSOLE -DD3DXFX_LARGEADDRESS_HANDLE -D_CRT_SECURE_NO_WARNINGS -DNOMINMAX -D_UNICODE -DUNICODE -Xcompiler "/EHsc /W3 /nologo /Od /Fdx64\Debug\vc120.pdb /FS /Zi /RTC1 /MDd " -o x64\Debug\SIFTImageManager.cu.obj "D:\BundleFusion\BuddleFusion-master\FriedLiver\Source\SiftGPU\SIFTImageManager.cu" 
     1>CudaBuildCore:
         nvcc fatal   : Unsupported gpu architecture 'compute_86'
     1>CudaBuildCore:
         
         D:\BundleFusion\BuddleFusion-master\FriedLiver>"D:\cuda\bin\nvcc.exe" -gencode=arch=compute_86,code=\"sm_86,compute_86\" --use-local-env -ccbin "D:\visual studio\VC\bin\x86_amd64" -x cu -rdc=true -IInclude\cutil\inc -I"D:\BundleFusion\BuddleFusion-master\FriedLiver" -ISource\DXUT\Optional -ISource\DXUT\Core -IInclude\Uplink -I"C:\Program Files (x86)\Intel RealSense SDK 2.0\include" -I"C:\Program Files (x86)\Intel RealSense SDK 2.0\third-party\\" -ID:\cuda\include -ID:\cuda\include     --keep-dir x64\Debug -maxrregcount=0 --ptxas-options=-v --machine 64 --compile -cudart static  -g   -DWIN32 -D_DEBUG -DDEBUG -DPROFILE -D_CONSOLE -DD3DXFX_LARGEADDRESS_HANDLE -D_CRT_SECURE_NO_WARNINGS -DNOMINMAX -D_UNICODE -DUNICODE -Xcompiler "/EHsc /W3 /nologo /Od /Fdx64\Debug\vc120.pdb /FS /Zi /RTC1 /MDd " -o x64\Debug\SolverBundling.cu.obj "D:\BundleFusion\BuddleFusion-master\FriedLiver\Source\Solver\SolverBundling.cu" 
     1>CudaBuildCore:
         nvcc fatal   : Unsupported gpu architecture 'compute_86'
     1>CudaBuildCore:
         
         D:\BundleFusion\BuddleFusion-master\FriedLiver>"D:\cuda\bin\nvcc.exe" -gencode=arch=compute_86,code=\"sm_86,compute_86\" --use-local-env -ccbin "D:\visual studio\VC\bin\x86_amd64" -x cu -rdc=true -IInclude\cutil\inc -I"D:\BundleFusion\BuddleFusion-master\FriedLiver" -ISource\DXUT\Optional -ISource\DXUT\Core -IInclude\Uplink -I"C:\Program Files (x86)\Intel RealSense SDK 2.0\include" -I"C:\Program Files (x86)\Intel RealSense SDK 2.0\third-party\\" -ID:\cuda\include -ID:\cuda\include     --keep-dir x64\Debug -maxrregcount=62  --machine 64 --compile -cudart static  -g   -DWIN32 -D_DEBUG -DDEBUG -DPROFILE -D_CONSOLE -DD3DXFX_LARGEADDRESS_HANDLE -D_CRT_SECURE_NO_WARNINGS -DNOMINMAX -D_UNICODE -DUNICODE -Xcompiler "/EHsc /W3 /nologo /Od /Fdx64\Debug\vc120.pdb /FS /Zi /RTC1 /MDd " -o x64\Debug\OnlineBundler.cu.obj "D:\BundleFusion\BuddleFusion-master\FriedLiver\Source\OnlineBundler.cu" 
     1>CudaBuildCore:
         nvcc fatal   : Unsupported gpu architecture 'compute_86'
     1>CudaBuildCore:
         
         D:\BundleFusion\BuddleFusion-master\FriedLiver>"D:\cuda\bin\nvcc.exe" -gencode=arch=compute_86,code=\"sm_86,compute_86\" --use-local-env -ccbin "D:\visual studio\VC\bin\x86_amd64" -x cu -rdc=true -IInclude\cutil\inc -I"D:\BundleFusion\BuddleFusion-master\FriedLiver" -ISource\DXUT\Optional -ISource\DXUT\Core -IInclude\Uplink -I"C:\Program Files (x86)\Intel RealSense SDK 2.0\include" -I"C:\Program Files (x86)\Intel RealSense SDK 2.0\third-party\\" -ID:\cuda\include -ID:\cuda\include     --keep-dir x64\Debug -maxrregcount=62  --machine 64 --compile -cudart static  -g   -DWIN32 -D_DEBUG -DDEBUG -DPROFILE -D_CONSOLE -DD3DXFX_LARGEADDRESS_HANDLE -D_CRT_SECURE_NO_WARNINGS -DNOMINMAX -D_UNICODE -DUNICODE -Xcompiler "/EHsc /W3 /nologo /Od /Fdx64\Debug\vc120.pdb /FS /Zi /RTC1 /MDd " -o x64\Debug\CUDASceneRepChunkGrid.cu.obj "D:\BundleFusion\BuddleFusion-master\FriedLiver\Source\DepthSensing\CUDASceneRepChunkGrid.cu" 
     1>CudaBuildCore:
         
         D:\BundleFusion\BuddleFusion-master\FriedLiver>"D:\cuda\bin\nvcc.exe" -gencode=arch=compute_86,code=\"sm_86,compute_86\" --use-local-env -ccbin "D:\visual studio\VC\bin\x86_amd64" -x cu -rdc=true -IInclude\cutil\inc -I"D:\BundleFusion\BuddleFusion-master\FriedLiver" -ISource\DXUT\Optional -ISource\DXUT\Core -IInclude\Uplink -I"C:\Program Files (x86)\Intel RealSense SDK 2.0\include" -I"C:\Program Files (x86)\Intel RealSense SDK 2.0\third-party\\" -ID:\cuda\include -ID:\cuda\include     --keep-dir x64\Debug -maxrregcount=62  --machine 64 --compile -cudart static  -g   -DWIN32 -D_DEBUG -DDEBUG -DPROFILE -D_CONSOLE -DD3DXFX_LARGEADDRESS_HANDLE -D_CRT_SECURE_NO_WARNINGS -DNOMINMAX -D_UNICODE -DUNICODE -Xcompiler "/EHsc /W3 /nologo /Od /Fdx64\Debug\vc120.pdb /FS /Zi /RTC1 /MDd " -o x64\Debug\CUDASiftConstant.cu.obj "D:\BundleFusion\BuddleFusion-master\FriedLiver\Source\SiftGPU\CUDASiftConstant.cu" 
     1>C:\Program Files (x86)\MSBuild\Microsoft.Cpp\v4.0\V120\BuildCustomizations\CUDA 10.2.targets(764,9): error MSB3721: 命令“"D:\cuda\bin\nvcc.exe" -gencode=arch=compute_86,code=\"sm_86,compute_86\" --use-local-env -ccbin "D:\visual studio\VC\bin\x86_amd64" -x cu -rdc=true -IInclude\cutil\inc -I"D:\BundleFusion\BuddleFusion-master\FriedLiver" -ISource\DXUT\Optional -ISource\DXUT\Core -IInclude\Uplink -I"C:\Program Files (x86)\Intel RealSense SDK 2.0\include" -I"C:\Program Files (x86)\Intel RealSense SDK 2.0\third-party\\" -ID:\cuda\include -ID:\cuda\include     --keep-dir x64\Debug -maxrregcount=62  --machine 64 --compile -cudart static  -g   -DWIN32 -D_DEBUG -DDEBUG -DPROFILE -D_CONSOLE -DD3DXFX_LARGEADDRESS_HANDLE -D_CRT_SECURE_NO_WARNINGS -DNOMINMAX -D_UNICODE -DUNICODE -Xcompiler "/EHsc /W3 /nologo /Od /Fdx64\Debug\vc120.pdb /FS /Zi /RTC1 /MDd " -o x64\Debug\ProgramCU.cu.obj "D:\BundleFusion\BuddleFusion-master\FriedLiver\Source\SiftGPU\ProgramCU.cu"”已退出，返回代码为 1。
     1>已完成生成项目“D:\BundleFusion\BuddleFusion-master\FriedLiver\FriedLiver.vcxproj”(CudaBuildCore 个目标)的操作 - 失败。
     1>CudaBuildCore:
         
         D:\BundleFusion\BuddleFusion-master\FriedLiver>"D:\cuda\bin\nvcc.exe" -gencode=arch=compute_86,code=\"sm_86,compute_86\" --use-local-env -ccbin "D:\visual studio\VC\bin\x86_amd64" -x cu -rdc=true -IInclude\cutil\inc -I"D:\BundleFusion\BuddleFusion-master\FriedLiver" -ISource\DXUT\Optional -ISource\DXUT\Core -IInclude\Uplink -I"C:\Program Files (x86)\Intel RealSense SDK 2.0\include" -I"C:\Program Files (x86)\Intel RealSense SDK 2.0\third-party\\" -ID:\cuda\include -ID:\cuda\include     --keep-dir x64\Debug -maxrregcount=62  --machine 64 --compile -cudart static  -g   -DWIN32 -D_DEBUG -DDEBUG -DPROFILE -D_CONSOLE -DD3DXFX_LARGEADDRESS_HANDLE -D_CRT_SECURE_NO_WARNINGS -DNOMINMAX -D_UNICODE -DUNICODE -Xcompiler "/EHsc /W3 /nologo /Od /Fdx64\Debug\vc120.pdb /FS /Zi /RTC1 /MDd " -o x64\Debug\SBA.cu.obj "D:\BundleFusion\BuddleFusion-master\FriedLiver\Source\SBA.cu" 
     1>CudaBuildCore:
         nvcc fatal   : Unsupported gpu architecture 'compute_86'
     1>CudaBuildCore:
         nvcc fatal   : Unsupported gpu architecture 'compute_86'
     1>CudaBuildCore:
         
         D:\BundleFusion\BuddleFusion-master\FriedLiver>"D:\cuda\bin\nvcc.exe" -gencode=arch=compute_86,code=\"sm_86,compute_86\" --use-local-env -ccbin "D:\visual studio\VC\bin\x86_amd64" -x cu -rdc=true -IInclude\cutil\inc -I"D:\BundleFusion\BuddleFusion-master\FriedLiver" -ISource\DXUT\Optional -ISource\DXUT\Core -IInclude\Uplink -I"C:\Program Files (x86)\Intel RealSense SDK 2.0\include" -I"C:\Program Files (x86)\Intel RealSense SDK 2.0\third-party\\" -ID:\cuda\include -ID:\cuda\include     --keep-dir x64\Debug -maxrregcount=62  --machine 64 --compile -cudart static  -g   -DWIN32 -D_DEBUG -DDEBUG -DPROFILE -D_CONSOLE -DD3DXFX_LARGEADDRESS_HANDLE -D_CRT_SECURE_NO_WARNINGS -DNOMINMAX -D_UNICODE -DUNICODE -Xcompiler "/EHsc /W3 /nologo /Od /Fdx64\Debug\vc120.pdb /FS /Zi /RTC1 /MDd " -o x64\Debug\CUDAHistogramHashSDF.cu.obj "D:\BundleFusion\BuddleFusion-master\FriedLiver\Source\DepthSensing\CUDAHistogramHashSDF.cu" 
     1>CudaBuildCore:
         
         D:\BundleFusion\BuddleFusion-master\FriedLiver>"D:\cuda\bin\nvcc.exe" -gencode=arch=compute_86,code=\"sm_86,compute_86\" --use-local-env -ccbin "D:\visual studio\VC\bin\x86_amd64" -x cu -rdc=true -IInclude\cutil\inc -I"D:\BundleFusion\BuddleFusion-master\FriedLiver" -ISource\DXUT\Optional -ISource\DXUT\Core -IInclude\Uplink -I"C:\Program Files (x86)\Intel RealSense SDK 2.0\include" -I"C:\Program Files (x86)\Intel RealSense SDK 2.0\third-party\\" -ID:\cuda\include -ID:\cuda\include     --keep-dir x64\Debug -maxrregcount=62  --machine 64 --compile -cudart static  -g   -DWIN32 -D_DEBUG -DDEBUG -DPROFILE -D_CONSOLE -DD3DXFX_LARGEADDRESS_HANDLE -D_CRT_SECURE_NO_WARNINGS -DNOMINMAX -D_UNICODE -DUNICODE -Xcompiler "/EHsc /W3 /nologo /Od /Fdx64\Debug\vc120.pdb /FS /Zi /RTC1 /MDd " -o x64\Debug\CUDAMarchingCubesSDF.cu.obj "D:\BundleFusion\BuddleFusion-master\FriedLiver\Source\DepthSensing\CUDAMarchingCubesSDF.cu" 
     1>C:\Program Files (x86)\MSBuild\Microsoft.Cpp\v4.0\V120\BuildCustomizations\CUDA 10.2.targets(764,9): error MSB3721: 命令“"D:\cuda\bin\nvcc.exe" -gencode=arch=compute_86,code=\"sm_86,compute_86\" --use-local-env -ccbin "D:\visual studio\VC\bin\x86_amd64" -x cu -rdc=true -IInclude\cutil\inc -I"D:\BundleFusion\BuddleFusion-master\FriedLiver" -ISource\DXUT\Optional -ISource\DXUT\Core -IInclude\Uplink -I"C:\Program Files (x86)\Intel RealSense SDK 2.0\include" -I"C:\Program Files (x86)\Intel RealSense SDK 2.0\third-party\\" -ID:\cuda\include -ID:\cuda\include     --keep-dir x64\Debug -maxrregcount=62  --machine 64 --compile -cudart static  -g   -DWIN32 -D_DEBUG -DDEBUG -DPROFILE -D_CONSOLE -DD3DXFX_LARGEADDRESS_HANDLE -D_CRT_SECURE_NO_WARNINGS -DNOMINMAX -D_UNICODE -DUNICODE -Xcompiler "/EHsc /W3 /nologo /Od /Fdx64\Debug\vc120.pdb /FS /Zi /RTC1 /MDd " -o x64\Debug\CameraUtil.cu.obj "D:\BundleFusion\BuddleFusion-master\FriedLiver\Source\DepthSensing\CameraUtil.cu"”已退出，返回代码为 1。
     1>已完成生成项目“D:\BundleFusion\BuddleFusion-master\FriedLiver\FriedLiver.vcxproj”(CudaBuildCore 个目标)的操作 - 失败。
     1>CudaBuildCore:
         nvcc fatal   : Unsupported gpu architecture 'compute_86'
     1>CudaBuildCore:
         nvcc fatal   : Unsupported gpu architecture 'compute_86'
     1>C:\Program Files (x86)\MSBuild\Microsoft.Cpp\v4.0\V120\BuildCustomizations\CUDA 10.2.targets(764,9): error MSB3721: 命令“"D:\cuda\bin\nvcc.exe" -gencode=arch=compute_86,code=\"sm_86,compute_86\" --use-local-env -ccbin "D:\visual studio\VC\bin\x86_amd64" -x cu -rdc=true -IInclude\cutil\inc -I"D:\BundleFusion\BuddleFusion-master\FriedLiver" -ISource\DXUT\Optional -ISource\DXUT\Core -IInclude\Uplink -I"C:\Program Files (x86)\Intel RealSense SDK 2.0\include" -I"C:\Program Files (x86)\Intel RealSense SDK 2.0\third-party\\" -ID:\cuda\include -ID:\cuda\include     --keep-dir x64\Debug -maxrregcount=62  --machine 64 --compile -cudart static  -g   -DWIN32 -D_DEBUG -DDEBUG -DPROFILE -D_CONSOLE -DD3DXFX_LARGEADDRESS_HANDLE -D_CRT_SECURE_NO_WARNINGS -DNOMINMAX -D_UNICODE -DUNICODE -Xcompiler "/EHsc /W3 /nologo /Od /Fdx64\Debug\vc120.pdb /FS /Zi /RTC1 /MDd " -o x64\Debug\SIFTImageManager.cu.obj "D:\BundleFusion\BuddleFusion-master\FriedLiver\Source\SiftGPU\SIFTImageManager.cu"”已退出，返回代码为 1。
     1>已完成生成项目“D:\BundleFusion\BuddleFusion-master\FriedLiver\FriedLiver.vcxproj”(CudaBuildCore 个目标)的操作 - 失败。
     1>CudaBuildCore:
         nvcc fatal   : Unsupported gpu architecture 'compute_86'
     1>CudaBuildCore:
         
         D:\BundleFusion\BuddleFusion-master\FriedLiver>"D:\cuda\bin\nvcc.exe" -gencode=arch=compute_86,code=\"sm_86,compute_86\" --use-local-env -ccbin "D:\visual studio\VC\bin\x86_amd64" -x cu -rdc=true -IInclude\cutil\inc -I"D:\BundleFusion\BuddleFusion-master\FriedLiver" -ISource\DXUT\Optional -ISource\DXUT\Core -IInclude\Uplink -I"C:\Program Files (x86)\Intel RealSense SDK 2.0\include" -I"C:\Program Files (x86)\Intel RealSense SDK 2.0\third-party\\" -ID:\cuda\include -ID:\cuda\include     --keep-dir x64\Debug -maxrregcount=62  --machine 64 --compile -cudart static  -g   -DWIN32 -D_DEBUG -DDEBUG -DPROFILE -D_CONSOLE -DD3DXFX_LARGEADDRESS_HANDLE -D_CRT_SECURE_NO_WARNINGS -DNOMINMAX -D_UNICODE -DUNICODE -Xcompiler "/EHsc /W3 /nologo /Od /Fdx64\Debug\vc120.pdb /FS /Zi /RTC1 /MDd " -o x64\Debug\CUDAImageHelper.cu.obj "D:\BundleFusion\BuddleFusion-master\FriedLiver\Source\DepthSensing\CUDAImageHelper.cu" 
     1>C:\Program Files (x86)\MSBuild\Microsoft.Cpp\v4.0\V120\BuildCustomizations\CUDA 10.2.targets(764,9): error MSB3721: 命令“"D:\cuda\bin\nvcc.exe" -gencode=arch=compute_86,code=\"sm_86,compute_86\" --use-local-env -ccbin "D:\visual studio\VC\bin\x86_amd64" -x cu -rdc=true -IInclude\cutil\inc -I"D:\BundleFusion\BuddleFusion-master\FriedLiver" -ISource\DXUT\Optional -ISource\DXUT\Core -IInclude\Uplink -I"C:\Program Files (x86)\Intel RealSense SDK 2.0\include" -I"C:\Program Files (x86)\Intel RealSense SDK 2.0\third-party\\" -ID:\cuda\include -ID:\cuda\include     --keep-dir x64\Debug -maxrregcount=0 --ptxas-options=-v --machine 64 --compile -cudart static  -g   -DWIN32 -D_DEBUG -DDEBUG -DPROFILE -D_CONSOLE -DD3DXFX_LARGEADDRESS_HANDLE -D_CRT_SECURE_NO_WARNINGS -DNOMINMAX -D_UNICODE -DUNICODE -Xcompiler "/EHsc /W3 /nologo /Od /Fdx64\Debug\vc120.pdb /FS /Zi /RTC1 /MDd " -o x64\Debug\SolverBundling.cu.obj "D:\BundleFusion\BuddleFusion-master\FriedLiver\Source\Solver\SolverBundling.cu"”已退出，返回代码为 1。
     1>C:\Program Files (x86)\MSBuild\Microsoft.Cpp\v4.0\V120\BuildCustomizations\CUDA 10.2.targets(764,9): error MSB3721: 命令“"D:\cuda\bin\nvcc.exe" -gencode=arch=compute_86,code=\"sm_86,compute_86\" --use-local-env -ccbin "D:\visual studio\VC\bin\x86_amd64" -x cu -rdc=true -IInclude\cutil\inc -I"D:\BundleFusion\BuddleFusion-master\FriedLiver" -ISource\DXUT\Optional -ISource\DXUT\Core -IInclude\Uplink -I"C:\Program Files (x86)\Intel RealSense SDK 2.0\include" -I"C:\Program Files (x86)\Intel RealSense SDK 2.0\third-party\\" -ID:\cuda\include -ID:\cuda\include     --keep-dir x64\Debug -maxrregcount=62  --machine 64 --compile -cudart static  -g   -DWIN32 -D_DEBUG -DDEBUG -DPROFILE -D_CONSOLE -DD3DXFX_LARGEADDRESS_HANDLE -D_CRT_SECURE_NO_WARNINGS -DNOMINMAX -D_UNICODE -DUNICODE -Xcompiler "/EHsc /W3 /nologo /Od /Fdx64\Debug\vc120.pdb /FS /Zi /RTC1 /MDd " -o x64\Debug\OnlineBundler.cu.obj "D:\BundleFusion\BuddleFusion-master\FriedLiver\Source\OnlineBundler.cu"”已退出，返回代码为 1。
     1>已完成生成项目“D:\BundleFusion\BuddleFusion-master\FriedLiver\FriedLiver.vcxproj”(CudaBuildCore 个目标)的操作 - 失败。
     1>已完成生成项目“D:\BundleFusion\BuddleFusion-master\FriedLiver\FriedLiver.vcxproj”(CudaBuildCore 个目标)的操作 - 失败。
     1>C:\Program Files (x86)\MSBuild\Microsoft.Cpp\v4.0\V120\BuildCustomizations\CUDA 10.2.targets(764,9): error MSB3721: 命令“"D:\cuda\bin\nvcc.exe" -gencode=arch=compute_86,code=\"sm_86,compute_86\" --use-local-env -ccbin "D:\visual studio\VC\bin\x86_amd64" -x cu -rdc=true -IInclude\cutil\inc -I"D:\BundleFusion\BuddleFusion-master\FriedLiver" -ISource\DXUT\Optional -ISource\DXUT\Core -IInclude\Uplink -I"C:\Program Files (x86)\Intel RealSense SDK 2.0\include" -I"C:\Program Files (x86)\Intel RealSense SDK 2.0\third-party\\" -ID:\cuda\include -ID:\cuda\include     --keep-dir x64\Debug -maxrregcount=62  --machine 64 --compile -cudart static  -g   -DWIN32 -D_DEBUG -DDEBUG -DPROFILE -D_CONSOLE -DD3DXFX_LARGEADDRESS_HANDLE -D_CRT_SECURE_NO_WARNINGS -DNOMINMAX -D_UNICODE -DUNICODE -Xcompiler "/EHsc /W3 /nologo /Od /Fdx64\Debug\vc120.pdb /FS /Zi /RTC1 /MDd " -o x64\Debug\CUDASceneRepChunkGrid.cu.obj "D:\BundleFusion\BuddleFusion-master\FriedLiver\Source\DepthSensing\CUDASceneRepChunkGrid.cu"”已退出，返回代码为 1。
     1>已完成生成项目“D:\BundleFusion\BuddleFusion-master\FriedLiver\FriedLiver.vcxproj”(CudaBuildCore 个目标)的操作 - 失败。
     1>CudaBuildCore:
         
         D:\BundleFusion\BuddleFusion-master\FriedLiver>"D:\cuda\bin\nvcc.exe" -gencode=arch=compute_86,code=\"sm_86,compute_86\" --use-local-env -ccbin "D:\visual studio\VC\bin\x86_amd64" -x cu -rdc=true -IInclude\cutil\inc -I"D:\BundleFusion\BuddleFusion-master\FriedLiver" -ISource\DXUT\Optional -ISource\DXUT\Core -IInclude\Uplink -I"C:\Program Files (x86)\Intel RealSense SDK 2.0\include" -I"C:\Program Files (x86)\Intel RealSense SDK 2.0\third-party\\" -ID:\cuda\include -ID:\cuda\include     --keep-dir x64\Debug -maxrregcount=62  --machine 64 --compile -cudart static  -g   -DWIN32 -D_DEBUG -DDEBUG -DPROFILE -D_CONSOLE -DD3DXFX_LARGEADDRESS_HANDLE -D_CRT_SECURE_NO_WARNINGS -DNOMINMAX -D_UNICODE -DUNICODE -Xcompiler "/EHsc /W3 /nologo /Od /Fdx64\Debug\vc120.pdb /FS /Zi /RTC1 /MDd " -o x64\Debug\CUDASceneRepHashSDF.cu.obj "D:\BundleFusion\BuddleFusion-master\FriedLiver\Source\DepthSensing\CUDASceneRepHashSDF.cu" 
     1>CudaBuildCore:
         nvcc fatal   : Unsupported gpu architecture 'compute_86'
     1>CudaBuildCore:
         nvcc fatal   : Unsupported gpu architecture 'compute_86'
     1>CudaBuildCore:
         
     1>C:\Program Files (x86)\MSBuild\Microsoft.Cpp\v4.0\V120\BuildCustomizations\CUDA 10.2.targets(764,9): error MSB3721: 命令“"D:\cuda\bin\nvcc.exe" -gencode=arch=compute_86,code=\"sm_86,compute_86\" --use-local-env -ccbin "D:\visual studio\VC\bin\x86_amd64" -x cu -rdc=true -IInclude\cutil\inc -I"D:\BundleFusion\BuddleFusion-master\FriedLiver" -ISource\DXUT\Optional -ISource\DXUT\Core -IInclude\Uplink -I"C:\Program Files (x86)\Intel RealSense SDK 2.0\include" -I"C:\Program Files (x86)\Intel RealSense SDK 2.0\third-party\\" -ID:\cuda\include -ID:\cuda\include     --keep-dir x64\Debug -maxrregcount=62  --machine 64 --compile -cudart static  -g   -DWIN32 -D_DEBUG -DDEBUG -DPROFILE -D_CONSOLE -DD3DXFX_LARGEADDRESS_HANDLE -D_CRT_SECURE_NO_WARNINGS -DNOMINMAX -D_UNICODE -DUNICODE -Xcompiler "/EHsc /W3 /nologo /Od /Fdx64\Debug\vc120.pdb /FS /Zi /RTC1 /MDd " -o x64\Debug\SBA.cu.obj "D:\BundleFusion\BuddleFusion-master\FriedLiver\Source\SBA.cu"”已退出，返回代码为 1。
       CudaBuildCore:
         D:\BundleFusion\BuddleFusion-master\FriedLiver>"D:\cuda\bin\nvcc.exe" -gencode=arch=compute_86,code=\"sm_86,compute_86\" --use-local-env -ccbin "D:\visual studio\VC\bin\x86_amd64" -x cu -rdc=true -IInclude\cutil\inc -I"D:\BundleFusion\BuddleFusion-master\FriedLiver" -ISource\DXUT\Optional -ISource\DXUT\Core -IInclude\Uplink -I"C:\Program Files (x86)\Intel RealSense SDK 2.0\include" -I"C:\Program Files (x86)\Intel RealSense SDK 2.0\third-party\\" -ID:\cuda\include -ID:\cuda\include     --keep-dir x64\Debug -maxrregcount=62  --machine 64 --compile -cudart static  -g   -DWIN32 -D_DEBUG -DDEBUG -DPROFILE -D_CONSOLE -DD3DXFX_LARGEADDRESS_HANDLE -D_CRT_SECURE_NO_WARNINGS -DNOMINMAX -D_UNICODE -DUNICODE -Xcompiler "/EHsc /W3 /nologo /Od /Fdx64\Debug\vc120.pdb /FS /Zi /RTC1 /MDd " -o x64\Debug\ScanCS.cu.obj "D:\BundleFusion\BuddleFusion-master\FriedLiver\Source\DepthSensing\ScanCS.cu" 
     1>已完成生成项目“D:\BundleFusion\BuddleFusion-master\FriedLiver\FriedLiver.vcxproj”(CudaBuildCore 个目标)的操作 - 失败。
     1>CudaBuildCore:
         
         D:\BundleFusion\BuddleFusion-master\FriedLiver>"D:\cuda\bin\nvcc.exe" -gencode=arch=compute_86,code=\"sm_86,compute_86\" --use-local-env -ccbin "D:\visual studio\VC\bin\x86_amd64" -x cu -rdc=true -IInclude\cutil\inc -I"D:\BundleFusion\BuddleFusion-master\FriedLiver" -ISource\DXUT\Optional -ISource\DXUT\Core -IInclude\Uplink -I"C:\Program Files (x86)\Intel RealSense SDK 2.0\include" -I"C:\Program Files (x86)\Intel RealSense SDK 2.0\third-party\\" -ID:\cuda\include -ID:\cuda\include     --keep-dir x64\Debug -maxrregcount=62  --machine 64 --compile -cudart static  -g   -DWIN32 -D_DEBUG -DDEBUG -DPROFILE -D_CONSOLE -DD3DXFX_LARGEADDRESS_HANDLE -D_CRT_SECURE_NO_WARNINGS -DNOMINMAX -D_UNICODE -DUNICODE -Xcompiler "/EHsc /W3 /nologo /Od /Fdx64\Debug\vc120.pdb /FS /Zi /RTC1 /MDd " -o x64\Debug\CUDARayCastSDF.cu.obj "D:\BundleFusion\BuddleFusion-master\FriedLiver\Source\DepthSensing\CUDARayCastSDF.cu" 
     1>CudaBuildCore:
         
         D:\BundleFusion\BuddleFusion-master\FriedLiver>"D:\cuda\bin\nvcc.exe" -gencode=arch=compute_86,code=\"sm_86,compute_86\" --use-local-env -ccbin "D:\visual studio\VC\bin\x86_amd64" -x cu -rdc=true -IInclude\cutil\inc -I"D:\BundleFusion\BuddleFusion-master\FriedLiver" -ISource\DXUT\Optional -ISource\DXUT\Core -IInclude\Uplink -I"C:\Program Files (x86)\Intel RealSense SDK 2.0\include" -I"C:\Program Files (x86)\Intel RealSense SDK 2.0\third-party\\" -ID:\cuda\include -ID:\cuda\include     --keep-dir x64\Debug -maxrregcount=62  --machine 64 --compile -cudart static  -g   -DWIN32 -D_DEBUG -DDEBUG -DPROFILE -D_CONSOLE -DD3DXFX_LARGEADDRESS_HANDLE -D_CRT_SECURE_NO_WARNINGS -DNOMINMAX -D_UNICODE -DUNICODE -Xcompiler "/EHsc /W3 /nologo /Od /Fdx64\Debug\vc120.pdb /FS /Zi /RTC1 /MDd " -o x64\Debug\CUDAConstant.cu.obj "D:\BundleFusion\BuddleFusion-master\FriedLiver\Source\DepthSensing\CUDAConstant.cu" 
     1>CudaBuildCore:
         nvcc fatal   : Unsupported gpu architecture 'compute_86'
     1>C:\Program Files (x86)\MSBuild\Microsoft.Cpp\v4.0\V120\BuildCustomizations\CUDA 10.2.targets(764,9): error MSB3721: 命令“"D:\cuda\bin\nvcc.exe" -gencode=arch=compute_86,code=\"sm_86,compute_86\" --use-local-env -ccbin "D:\visual studio\VC\bin\x86_amd64" -x cu -rdc=true -IInclude\cutil\inc -I"D:\BundleFusion\BuddleFusion-master\FriedLiver" -ISource\DXUT\Optional -ISource\DXUT\Core -IInclude\Uplink -I"C:\Program Files (x86)\Intel RealSense SDK 2.0\include" -I"C:\Program Files (x86)\Intel RealSense SDK 2.0\third-party\\" -ID:\cuda\include -ID:\cuda\include     --keep-dir x64\Debug -maxrregcount=62  --machine 64 --compile -cudart static  -g   -DWIN32 -D_DEBUG -DDEBUG -DPROFILE -D_CONSOLE -DD3DXFX_LARGEADDRESS_HANDLE -D_CRT_SECURE_NO_WARNINGS -DNOMINMAX -D_UNICODE -DUNICODE -Xcompiler "/EHsc /W3 /nologo /Od /Fdx64\Debug\vc120.pdb /FS /Zi /RTC1 /MDd " -o x64\Debug\CUDASiftConstant.cu.obj "D:\BundleFusion\BuddleFusion-master\FriedLiver\Source\SiftGPU\CUDASiftConstant.cu"”已退出，返回代码为 1。
     1>已完成生成项目“D:\BundleFusion\BuddleFusion-master\FriedLiver\FriedLiver.vcxproj”(CudaBuildCore 个目标)的操作 - 失败。
     1>CudaBuildCore:
         nvcc fatal   : Unsupported gpu architecture 'compute_86'
     1>C:\Program Files (x86)\MSBuild\Microsoft.Cpp\v4.0\V120\BuildCustomizations\CUDA 10.2.targets(764,9): error MSB3721: 命令“"D:\cuda\bin\nvcc.exe" -gencode=arch=compute_86,code=\"sm_86,compute_86\" --use-local-env -ccbin "D:\visual studio\VC\bin\x86_amd64" -x cu -rdc=true -IInclude\cutil\inc -I"D:\BundleFusion\BuddleFusion-master\FriedLiver" -ISource\DXUT\Optional -ISource\DXUT\Core -IInclude\Uplink -I"C:\Program Files (x86)\Intel RealSense SDK 2.0\include" -I"C:\Program Files (x86)\Intel RealSense SDK 2.0\third-party\\" -ID:\cuda\include -ID:\cuda\include     --keep-dir x64\Debug -maxrregcount=62  --machine 64 --compile -cudart static  -g   -DWIN32 -D_DEBUG -DDEBUG -DPROFILE -D_CONSOLE -DD3DXFX_LARGEADDRESS_HANDLE -D_CRT_SECURE_NO_WARNINGS -DNOMINMAX -D_UNICODE -DUNICODE -Xcompiler "/EHsc /W3 /nologo /Od /Fdx64\Debug\vc120.pdb /FS /Zi /RTC1 /MDd " -o x64\Debug\CUDAHistogramHashSDF.cu.obj "D:\BundleFusion\BuddleFusion-master\FriedLiver\Source\DepthSensing\CUDAHistogramHashSDF.cu"”已退出，返回代码为 1。
     1>C:\Program Files (x86)\MSBuild\Microsoft.Cpp\v4.0\V120\BuildCustomizations\CUDA 10.2.targets(764,9): error MSB3721: 命令“"D:\cuda\bin\nvcc.exe" -gencode=arch=compute_86,code=\"sm_86,compute_86\" --use-local-env -ccbin "D:\visual studio\VC\bin\x86_amd64" -x cu -rdc=true -IInclude\cutil\inc -I"D:\BundleFusion\BuddleFusion-master\FriedLiver" -ISource\DXUT\Optional -ISource\DXUT\Core -IInclude\Uplink -I"C:\Program Files (x86)\Intel RealSense SDK 2.0\include" -I"C:\Program Files (x86)\Intel RealSense SDK 2.0\third-party\\" -ID:\cuda\include -ID:\cuda\include     --keep-dir x64\Debug -maxrregcount=62  --machine 64 --compile -cudart static  -g   -DWIN32 -D_DEBUG -DDEBUG -DPROFILE -D_CONSOLE -DD3DXFX_LARGEADDRESS_HANDLE -D_CRT_SECURE_NO_WARNINGS -DNOMINMAX -D_UNICODE -DUNICODE -Xcompiler "/EHsc /W3 /nologo /Od /Fdx64\Debug\vc120.pdb /FS /Zi /RTC1 /MDd " -o x64\Debug\CUDAMarchingCubesSDF.cu.obj "D:\BundleFusion\BuddleFusion-master\FriedLiver\Source\DepthSensing\CUDAMarchingCubesSDF.cu"”已退出，返回代码为 1。
     1>已完成生成项目“D:\BundleFusion\BuddleFusion-master\FriedLiver\FriedLiver.vcxproj”(CudaBuildCore 个目标)的操作 - 失败。
     1>已完成生成项目“D:\BundleFusion\BuddleFusion-master\FriedLiver\FriedLiver.vcxproj”(CudaBuildCore 个目标)的操作 - 失败。
     1>CudaBuildCore:
         nvcc fatal   : Unsupported gpu architecture 'compute_86'
     1>C:\Program Files (x86)\MSBuild\Microsoft.Cpp\v4.0\V120\BuildCustomizations\CUDA 10.2.targets(764,9): error MSB3721: 命令“"D:\cuda\bin\nvcc.exe" -gencode=arch=compute_86,code=\"sm_86,compute_86\" --use-local-env -ccbin "D:\visual studio\VC\bin\x86_amd64" -x cu -rdc=true -IInclude\cutil\inc -I"D:\BundleFusion\BuddleFusion-master\FriedLiver" -ISource\DXUT\Optional -ISource\DXUT\Core -IInclude\Uplink -I"C:\Program Files (x86)\Intel RealSense SDK 2.0\include" -I"C:\Program Files (x86)\Intel RealSense SDK 2.0\third-party\\" -ID:\cuda\include -ID:\cuda\include     --keep-dir x64\Debug -maxrregcount=62  --machine 64 --compile -cudart static  -g   -DWIN32 -D_DEBUG -DDEBUG -DPROFILE -D_CONSOLE -DD3DXFX_LARGEADDRESS_HANDLE -D_CRT_SECURE_NO_WARNINGS -DNOMINMAX -D_UNICODE -DUNICODE -Xcompiler "/EHsc /W3 /nologo /Od /Fdx64\Debug\vc120.pdb /FS /Zi /RTC1 /MDd " -o x64\Debug\CUDAImageHelper.cu.obj "D:\BundleFusion\BuddleFusion-master\FriedLiver\Source\DepthSensing\CUDAImageHelper.cu"”已退出，返回代码为 1。
     1>已完成生成项目“D:\BundleFusion\BuddleFusion-master\FriedLiver\FriedLiver.vcxproj”(CudaBuildCore 个目标)的操作 - 失败。
     1>CudaBuildCore:
         nvcc fatal   : Unsupported gpu architecture 'compute_86'
     1>CudaBuildCore:
         nvcc fatal   : Unsupported gpu architecture 'compute_86'
     1>C:\Program Files (x86)\MSBuild\Microsoft.Cpp\v4.0\V120\BuildCustomizations\CUDA 10.2.targets(764,9): error MSB3721: 命令“"D:\cuda\bin\nvcc.exe" -gencode=arch=compute_86,code=\"sm_86,compute_86\" --use-local-env -ccbin "D:\visual studio\VC\bin\x86_amd64" -x cu -rdc=true -IInclude\cutil\inc -I"D:\BundleFusion\BuddleFusion-master\FriedLiver" -ISource\DXUT\Optional -ISource\DXUT\Core -IInclude\Uplink -I"C:\Program Files (x86)\Intel RealSense SDK 2.0\include" -I"C:\Program Files (x86)\Intel RealSense SDK 2.0\third-party\\" -ID:\cuda\include -ID:\cuda\include     --keep-dir x64\Debug -maxrregcount=62  --machine 64 --compile -cudart static  -g   -DWIN32 -D_DEBUG -DDEBUG -DPROFILE -D_CONSOLE -DD3DXFX_LARGEADDRESS_HANDLE -D_CRT_SECURE_NO_WARNINGS -DNOMINMAX -D_UNICODE -DUNICODE -Xcompiler "/EHsc /W3 /nologo /Od /Fdx64\Debug\vc120.pdb /FS /Zi /RTC1 /MDd " -o x64\Debug\CUDASceneRepHashSDF.cu.obj "D:\BundleFusion\BuddleFusion-master\FriedLiver\Source\DepthSensing\CUDASceneRepHashSDF.cu"”已退出，返回代码为 1。
     1>已完成生成项目“D:\BundleFusion\BuddleFusion-master\FriedLiver\FriedLiver.vcxproj”(CudaBuildCore 个目标)的操作 - 失败。
     1>C:\Program Files (x86)\MSBuild\Microsoft.Cpp\v4.0\V120\BuildCustomizations\CUDA 10.2.targets(764,9): error MSB3721: 命令“"D:\cuda\bin\nvcc.exe" -gencode=arch=compute_86,code=\"sm_86,compute_86\" --use-local-env -ccbin "D:\visual studio\VC\bin\x86_amd64" -x cu -rdc=true -IInclude\cutil\inc -I"D:\BundleFusion\BuddleFusion-master\FriedLiver" -ISource\DXUT\Optional -ISource\DXUT\Core -IInclude\Uplink -I"C:\Program Files (x86)\Intel RealSense SDK 2.0\include" -I"C:\Program Files (x86)\Intel RealSense SDK 2.0\third-party\\" -ID:\cuda\include -ID:\cuda\include     --keep-dir x64\Debug -maxrregcount=62  --machine 64 --compile -cudart static  -g   -DWIN32 -D_DEBUG -DDEBUG -DPROFILE -D_CONSOLE -DD3DXFX_LARGEADDRESS_HANDLE -D_CRT_SECURE_NO_WARNINGS -DNOMINMAX -D_UNICODE -DUNICODE -Xcompiler "/EHsc /W3 /nologo /Od /Fdx64\Debug\vc120.pdb /FS /Zi /RTC1 /MDd " -o x64\Debug\ScanCS.cu.obj "D:\BundleFusion\BuddleFusion-master\FriedLiver\Source\DepthSensing\ScanCS.cu"”已退出，返回代码为 1。
     1>已完成生成项目“D:\BundleFusion\BuddleFusion-master\FriedLiver\FriedLiver.vcxproj”(CudaBuildCore 个目标)的操作 - 失败。
     1>C:\Program Files (x86)\MSBuild\Microsoft.Cpp\v4.0\V120\BuildCustomizations\CUDA 10.2.targets(764,9): error MSB3721: 命令“"D:\cuda\bin\nvcc.exe" -gencode=arch=compute_86,code=\"sm_86,compute_86\" --use-local-env -ccbin "D:\visual studio\VC\bin\x86_amd64" -x cu -rdc=true -IInclude\cutil\inc -I"D:\BundleFusion\BuddleFusion-master\FriedLiver" -ISource\DXUT\Optional -ISource\DXUT\Core -IInclude\Uplink -I"C:\Program Files (x86)\Intel RealSense SDK 2.0\include" -I"C:\Program Files (x86)\Intel RealSense SDK 2.0\third-party\\" -ID:\cuda\include -ID:\cuda\include     --keep-dir x64\Debug -maxrregcount=62  --machine 64 --compile -cudart static  -g   -DWIN32 -D_DEBUG -DDEBUG -DPROFILE -D_CONSOLE -DD3DXFX_LARGEADDRESS_HANDLE -D_CRT_SECURE_NO_WARNINGS -DNOMINMAX -D_UNICODE -DUNICODE -Xcompiler "/EHsc /W3 /nologo /Od /Fdx64\Debug\vc120.pdb /FS /Zi /RTC1 /MDd " -o x64\Debug\CUDARayCastSDF.cu.obj "D:\BundleFusion\BuddleFusion-master\FriedLiver\Source\DepthSensing\CUDARayCastSDF.cu"”已退出，返回代码为 1。
     1>已完成生成项目“D:\BundleFusion\BuddleFusion-master\FriedLiver\FriedLiver.vcxproj”(CudaBuildCore 个目标)的操作 - 失败。
     1>C:\Program Files (x86)\MSBuild\Microsoft.Cpp\v4.0\V120\BuildCustomizations\CUDA 10.2.targets(764,9): error MSB3721: 命令“"D:\cuda\bin\nvcc.exe" -gencode=arch=compute_86,code=\"sm_86,compute_86\" --use-local-env -ccbin "D:\visual studio\VC\bin\x86_amd64" -x cu -rdc=true -IInclude\cutil\inc -I"D:\BundleFusion\BuddleFusion-master\FriedLiver" -ISource\DXUT\Optional -ISource\DXUT\Core -IInclude\Uplink -I"C:\Program Files (x86)\Intel RealSense SDK 2.0\include" -I"C:\Program Files (x86)\Intel RealSense SDK 2.0\third-party\\" -ID:\cuda\include -ID:\cuda\include     --keep-dir x64\Debug -maxrregcount=62  --machine 64 --compile -cudart static  -g   -DWIN32 -D_DEBUG -DDEBUG -DPROFILE -D_CONSOLE -DD3DXFX_LARGEADDRESS_HANDLE -D_CRT_SECURE_NO_WARNINGS -DNOMINMAX -D_UNICODE -DUNICODE -Xcompiler "/EHsc /W3 /nologo /Od /Fdx64\Debug\vc120.pdb /FS /Zi /RTC1 /MDd " -o x64\Debug\CUDAConstant.cu.obj "D:\BundleFusion\BuddleFusion-master\FriedLiver\Source\DepthSensing\CUDAConstant.cu"”已退出，返回代码为 1。
     1>已完成生成项目“D:\BundleFusion\BuddleFusion-master\FriedLiver\FriedLiver.vcxproj”(CudaBuildCore 个目标)的操作 - 失败。
     1>已完成生成项目“D:\BundleFusion\BuddleFusion-master\FriedLiver\FriedLiver.vcxproj”(Build 个目标)的操作 - 失败。

生成失败。

已用时间 00:00:01.96
