d:\bundlefusion\friedliver\friedliver\x64\release\cudacache.cu.obj
d:\bundlefusion\friedliver\friedliver\x64\release\cudaimageutil.cu.obj
d:\bundlefusion\friedliver\friedliver\x64\release\camerautil.cu.obj
d:\bundlefusion\friedliver\friedliver\x64\release\cudaconstant.cu.obj
d:\bundlefusion\friedliver\friedliver\x64\release\cudahistogramhashsdf.cu.obj
d:\bundlefusion\friedliver\friedliver\x64\release\cudaimagehelper.cu.obj
d:\bundlefusion\friedliver\friedliver\x64\release\cudamarchingcubessdf.cu.obj
d:\bundlefusion\friedliver\friedliver\x64\release\cudaraycastsdf.cu.obj
d:\bundlefusion\friedliver\friedliver\x64\release\cudascenerepchunkgrid.cu.obj
d:\bundlefusion\friedliver\friedliver\x64\release\cudascenerephashsdf.cu.obj
d:\bundlefusion\friedliver\friedliver\x64\release\scancs.cu.obj
d:\bundlefusion\friedliver\friedliver\x64\release\onlinebundler.cu.obj
d:\bundlefusion\friedliver\friedliver\x64\release\sba.cu.obj
d:\bundlefusion\friedliver\friedliver\x64\release\cudasiftconstant.cu.obj
d:\bundlefusion\friedliver\friedliver\x64\release\programcu.cu.obj
d:\bundlefusion\friedliver\friedliver\x64\release\siftimagemanager.cu.obj
d:\bundlefusion\friedliver\friedliver\x64\release\solverbundling.cu.obj
d:\bundlefusion\friedliver\friedliver\x64\release\camerautil.cu.cache
d:\bundlefusion\friedliver\friedliver\x64\release\cudacache.cu.cache
d:\bundlefusion\friedliver\friedliver\x64\release\cudaconstant.cu.cache
d:\bundlefusion\friedliver\friedliver\x64\release\cudahistogramhashsdf.cu.cache
d:\bundlefusion\friedliver\friedliver\x64\release\cudaimagehelper.cu.cache
d:\bundlefusion\friedliver\friedliver\x64\release\cudaimageutil.cu.cache
d:\bundlefusion\friedliver\friedliver\x64\release\cudamarchingcubessdf.cu.cache
d:\bundlefusion\friedliver\friedliver\x64\release\cudaraycastsdf.cu.cache
d:\bundlefusion\friedliver\friedliver\x64\release\cudascenerepchunkgrid.cu.cache
d:\bundlefusion\friedliver\friedliver\x64\release\cudascenerephashsdf.cu.cache
d:\bundlefusion\friedliver\friedliver\x64\release\cudasiftconstant.cu.cache
d:\bundlefusion\friedliver\friedliver\x64\release\friedliver.vcxproj.assemblyreference.cache
d:\bundlefusion\friedliver\friedliver\x64\release\onlinebundler.cu.cache
d:\bundlefusion\friedliver\friedliver\x64\release\programcu.cu.cache
d:\bundlefusion\friedliver\friedliver\x64\release\sba.cu.cache
d:\bundlefusion\friedliver\friedliver\x64\release\scancs.cu.cache
d:\bundlefusion\friedliver\friedliver\x64\release\siftimagemanager.cu.cache
d:\bundlefusion\friedliver\friedliver\x64\release\solverbundling.cu.cache
d:\bundlefusion\friedliver\friedliver\x64\release\friedliver.tlog\cudacompile.read.1u.tlog
d:\bundlefusion\friedliver\friedliver\x64\release\friedliver.tlog\cudacompile.write.1u.tlog
